0:100  0:100  MemLog inited, TSC freq: 2208314540
0:100  0:000  CPU was calibrated with RTC
0:100  0:000  
0:100  0:000  Now is 07.01.2018,  18:04:08 (GMT)
0:100  0:000  Starting Clover revision: 5102 (master, commit 12d559ae) on American Megatrends EFI
0:100  0:000  Build with: [Args: -D NO_GRUB_DRIVERS_EMBEDDED -t GCC53 | -D NO_GRUB_DRIVERS_EMBEDDED --conf=/Users/sergey/src/CloverHackyColor/Conf -D USE_LOW_EBDA -a X64 -b RELEASE -t GCC53 -n 5 | OS: 10.14.6]
0:100  0:000  SelfDevicePath=PciRoot(0x0)\Pci(0x1D,0x0)\Pci(0x0,0x0)\NVMe(0x1,65-18-03-20-48-B7-26-00)\HD(1,GPT,3D9C30C5-766C-432C-92DB-580E71308FA1,0x800,0x96000) @753B9998
0:100  0:000  SelfDirPath = \EFI\CLOVER
0:100  0:000  SimpleTextEx Status=Success
0:100  0:000  === [ Get Smbios ] ========================================
0:108  0:008  Type 16 Index = 0
0:108  0:000  Total Memory Slots Count = 2
0:108  0:000  Type 17 Index = 0
0:108  0:000  SmbiosTable.Type17->Speed = 2400MHz
0:108  0:000  SmbiosTable.Type17->Size = 8192MB
0:108  0:000  SmbiosTable.Type17->Bank/Device = BANK 0 ChannelA-DIMM0
0:108  0:000  SmbiosTable.Type17->Vendor = Kingston
0:108  0:000  SmbiosTable.Type17->SerialNumber = 1B2E4CD8
0:108  0:000  SmbiosTable.Type17->PartNumber = 9905624-019.A00G    
0:108  0:000  Type 17 Index = 1
0:108  0:000  SmbiosTable.Type17->Speed = 2400MHz
0:108  0:000  SmbiosTable.Type17->Size = 8192MB
0:108  0:000  SmbiosTable.Type17->Bank/Device = BANK 2 ChannelB-DIMM0
0:108  0:000  SmbiosTable.Type17->Vendor = Kingston
0:108  0:000  SmbiosTable.Type17->SerialNumber = 86156451
0:108  0:000  SmbiosTable.Type17->PartNumber = 9905700-011.A00G    
0:108  0:000  Boot status=0
0:108  0:000  Running on: 'N8xxEP6 ' with board 'N8xxEP6 '
0:108  0:000  === [ GetCPUProperties ] ==================================
0:108  0:000  CPU Vendor = 756E6547 Model=906EA
0:108  0:000   The CPU supported SSE4.1
0:108  0:000  BrandString = Intel(R) Core(TM) i7-8750H CPU @ 2.20GHz
0:108  0:000   The CPU supported turbo
0:108  0:000  MSR 0x35               6000C
0:108  0:000   TSC/CCC Information Leaf:
0:108  0:000    numerator     : 184
0:108  0:000    denominator   : 2
0:108  0:000   Calibrated ARTFrequency: 24003418
0:108  0:000   Rounded ARTFrequency: 24000000
0:108  0:000  MSR 0xE2 before patch 1E008008
0:108  0:000  MSR 0xE2 is locked, PM patches will be turned on
0:108  0:000  MSR 0xCE              0008083B_F1011600
0:108  0:000  corrected FLEX_RATIO = 0
0:108  0:000  MSR 0x1B0             00000000
0:108  0:000  FSBFrequency = 96 MHz, DMI FSBFrequency = 100 MHz, Corrected FSBFrequency = 100 MHz
0:108  0:000  MaxDiv/MinDiv: 22.0/8
0:108  0:000  Turbo: 40/40/41/41
0:108  0:000  Features: 0xBFEBFBFF
0:108  0:000  Threads: 12
0:108  0:000  Cores: 6
0:108  0:000  FSB: 100 MHz
0:108  0:000  CPU: 2100 MHz
0:108  0:000  TSC: 2100 MHz
0:108  0:000  PIS: 100 MHz
0:108  0:000  ExternalClock: 25 MHz
0:108  0:000  === [ GetDevices ] ========================================
0:108  0:000  GOP found at: PciRoot(0x0)/Pci(0x2,0x0)/AcpiAdr(0x80011400)
0:108  0:000  PCI (00|00:00.00) : 8086 3EC4 class=060000
0:108  0:000  PCI (00|00:01.00) : 8086 1901 class=060400
0:108  0:000  PCI (00|01:00.00) : 10DE 1C20 class=030000
0:108  0:000   - GFX: Model=Clevo GeForce GTX 1060 family 136 (Pascal)
0:108  0:000  PCI (00|01:00.01) : FFFF FFFF class=FFFFFF
0:108  0:000  PCI (00|00:02.00) : 8086 3E9B class=030000
0:108  0:000   - GOP: Provided by device
0:108  0:000   - GFX: Model=Intel UHD Graphics 630 (Intel)
0:108  0:000  PCI (00|00:08.00) : 8086 1911 class=088000
0:108  0:000  PCI (00|00:12.00) : 8086 A379 class=118000
0:108  0:000  PCI (00|00:14.00) : 8086 A36D class=0C0330
0:108  0:000  PCI (00|00:14.02) : 8086 A36F class=050000
0:109  0:000  PCI (00|00:14.03) : 8086 A370 class=028000
0:109  0:000   - WIFI: Vendor=Intel
0:109  0:000  PCI (00|00:16.00) : 8086 A360 class=078000
0:109  0:000  PCI (00|00:17.00) : 8086 A353 class=010601
0:109  0:000  PCI (00|00:1D.00) : 8086 A330 class=060400
0:109  0:000  PCI (00|02:00.00) : 2646 2263 class=010802
0:109  0:000  PCI (00|00:1D.06) : 8086 A336 class=060400
0:109  0:000  PCI (00|03:00.00) : 10EC 5287 class=FF0000
0:109  0:000  PCI (00|03:00.01) : 10EC 8168 class=020000
0:109  0:000   - LAN: 0 Vendor=Realtek
0:109  0:000  PCI (00|00:1F.00) : 8086 A30D class=060100
0:109  0:000  PCI (00|00:1F.03) : 8086 A348 class=040300
0:109  0:000  PCI (00|00:1F.04) : 8086 A323 class=0C0500
0:109  0:000  PCI (00|00:1F.05) : 8086 A324 class=0C8000
0:109  0:000  === [ GetDefaultSettings ] ================================
0:109  0:000  Clover load options size = 0 bytes
0:109  0:000  CheckOEMPathExists tried EFI\CLOVER\OEM\N8xxEP6 --00-00-00-00-00-00. Dir not exists
0:109  0:000  CheckOEMPathExists tried EFI\CLOVER\OEM\N8xxEP6 \UEFI. Dir not exists
0:109  0:000  CheckOEMPathExists tried EFI\CLOVER\OEM\N8xxEP6 . Dir not exists
0:109  0:000  CheckOEMPathExists tried EFI\CLOVER\OEM\N8xxEP6 -2100. Dir not exists
0:109  0:000  CheckOEMPathExists tried EFI\CLOVER\OEM\N8xxEP6 . Dir not exists
0:109  0:000  CheckOEMPathExists tried EFI\CLOVER\OEM\N8xxEP6 -2100. Dir not exists
0:109  0:000  set OEMPath by default: EFI\CLOVER
0:113  0:004  EFI\CLOVER\config.plist loaded: Success
0:122  0:008  === [ GetListOfThemes ] ===================================
0:122  0:000  - [00]: Mojave
0:123  0:000  === [ Found config plists ] ===============================
0:123  0:000  - config(15,1).plist
0:123  0:000  - config.plist
0:123  0:000  === [ GetEarlyUserSettings ] ==============================
0:123  0:000  timeout set to -1
0:123  0:000  Custom boot CUSTOM_BOOT_DISABLED (0x0)
0:123  0:000  KernelXCPM: enabled
0:123  0:000  ForceKextsToLoad: 2 requested
0:123  0:000   - [0]: System\Library\Extensions\IONetworkingFamily.kext
0:123  0:000   - [1]: System\Library\Extensions\IO80211Family.kext
0:123  0:000  KextsToPatch: 6 requested
0:123  0:000   - [00]: IOBufferCopyController (disable IOBufferCopyController (Credit by DalianSky)) :: PlistPatch :: data len: 5
0:123  0:000   - [01]: AppleIntelLpssI2C (Disable AppleIntelLpssI2C (credit by Coolstar)) :: PlistPatch :: data len: 5
0:123  0:000   - [02]: AppleIntelLpssI2CController (Disable AppleIntelLpssI2CCOntroller (credit by Coolstar)) :: PlistPatch :: data len: 5
0:123  0:000   - [03]: com.apple.driver.AppleBacklight (AppleBacklightInjector.kext (credit RehabMan)) :: BinPatch :: data len: 9
0:123  0:000   - [04]: com.apple.iokit.IOAHCIBlockStorage (Enable TRIM for SSD) :: BinPatch :: data len: 11
0:123  0:000   - [05]: com.apple.driver.usb.AppleUSBXHCI (disable port limit in XHCI kext (credit RehabMan, based prior PMHeart patch)) :: MatchOS: 10.13.6 :: BinPatch :: data len: 10
0:123  0:000  KernelToPatch: 3 requested
0:123  0:000   - [00]: MSR 0xE2 _xcpm_idle instant reboot(c) Pike R. Alpha :: data len: 8
0:123  0:000   - [01]: Disable panic kext logging on 10.13 release kernel (credit vit9696) :: MatchOS: 10.13.x :: data len: 6
0:123  0:000   - [02]: Disable panic kext logging on 10.14 release kernel (credit vit9696) :: MatchOS: 10.14.x :: data len: 6
0:123  0:000  Default theme: Mojave
0:123  0:000  Hiding entries with string Preboot
0:123  0:000   Custom EDID is ok
0:123  0:000  === [ LoadDrivers ] =======================================
0:124  0:000  Loading ApfsDriverLoader.efi  status=Success
0:126  0:002   - driver needs connecting
0:126  0:000  Loading AppleImageLoader.efi  status=Success
0:128  0:002  Loading AptioMemoryFix.efi  status=Success
0:131  0:002  Loading AudioDxe.efi  status=Success
0:134  0:002   - driver needs connecting
0:134  0:000  Loading DataHubDxe.efi  status=Success
0:137  0:003  Loading EmuVariableUefi.efi  status=Success
0:140  0:002  EmuVariableUefi Initialize: VariableCommonInitialize = Success, orig services stored, install gEmuVariableControlProtocolGuid = Success
0:140  0:000  Loading FSInject.efi  status=Success
0:143  0:002  Loading HFSPlus.efi  status=Success
0:145  0:002   - driver needs connecting
0:145  0:000  Loading SMCHelper.efi  status=Success
0:147  0:002  3 drivers needs connecting ...
0:147  0:000  PlatformDriverOverrideProtocol not found. Installing ... Success
0:147  0:000  HFS+ driver loaded
0:147  0:000  APFS driver loaded
0:147  0:000  Searching for invalid DiskIo BY_DRIVER connects: not found, all ok
5:702  5:555  EmuVariable InstallEmulation: orig vars copied, emu.var.services installed, CreateEvent VirtualAddressChange = Success, CreateEvent ExitBootServices = Success, set Status=Success
5:733  0:030  === [ InitScreen ] ========================================
5:733  0:000  Console modes reported: 4, available modes:
5:733  0:000   - [01]: 80x25 (current mode)
5:733  0:000   - [02]: 80x25
5:733  0:000   - [03]: 100x31
5:733  0:000   - [04]: 240x56
5:733  0:000  SetScreenResolution: 1920x1080 - already set
5:733  0:000  reinit: self device path=PciRoot(0x0)\Pci(0x1D,0x0)\Pci(0x0,0x0)\NVMe(0x1,65-18-03-20-48-B7-26-00)\HD(1,GPT,3D9C30C5-766C-432C-92DB-580E71308FA1,0x800,0x96000)
5:733  0:000  === [ GetMacAddress ] =====================================
5:733  0:000  MAC address of LAN #0= 80:FA:5B:5F:45:C2:
5:733  0:000  === [ ScanSPD ] ===========================================
5:734  0:000  Scanning SMBus [8086:A323], mmio: 0xA441C004, ioport: 0xEFA0, hostc: 0x11
5:753  0:019  Slot: 0 Type 26 8192MB 2400MHz Vendor=Kingston PartNo=9905624-019.A00G SerialNo=010B020E040C0D08
5:773  0:019  Slot: 2 Type 26 8192MB 2400MHz Vendor=Kingston PartNo=9905700-011.A00G SerialNo=0806010506040501
5:774  0:001  === [ GetAcpiTablesList ] =================================
5:790  0:016  Get Acpi Tables List from RSDT:
5:790  0:000   - [00]: FACP  A M I  len=132
5:790  0:000   - [01]: APIC  A M I  len=244
5:790  0:000   - [02]: FPDT  A M I  len=68
5:790  0:000   - [03]: FIDT  A M I len=156
5:790  0:000   - [04]: MCFG  A M I  len=60
5:790  0:000   - [05]: SSDT  SataTabl len=820
5:790  0:000   - [06]: SSDT  CpuSsdt len=6101
5:790  0:000   - [07]: MSDM  A M I  len=85
5:790  0:000   - [08]: SSDT  SaSsdt  len=6302
5:790  0:000   - [09]: SSDT  PegSsdt len=8348
5:790  0:000   - [10]: UEFI  A M I  len=72
5:790  0:000   - [11]: SSDT  PerfTune len=1418
5:790  0:000   - [12]: LPIT  A M I  len=92
5:790  0:000   - [13]: SSDT  PtidDevc len=6696
5:790  0:000   - [14]: SSDT  TbtTypeC len=4094
5:790  0:000   - [15]: DBGP  A M I  len=52
5:790  0:000   - [16]: DBG2  A M I  len=84
5:790  0:000   - [17]: SSDT  SgPeg len=174
5:790  0:000   - [18]: DMAR  EDK2     len=168
5:790  0:000   - [19]: BGRT  A M I  len=56
5:790  0:000   - [20]: TPM2  A M I  len=52
5:790  0:000   - [21]: SSDT  OptTabl len=7901
5:790  0:000   - [22]: WSMT  A M I  len=40
5:790  0:000  Calibrated TSC Frequency = 2208314540 = 2208MHz
5:790  0:000  === [ GetUserSettings ] ===================================
5:790  0:000   Custom EDID is ok
5:790  0:000  Can't install EdidOverride on ImageHandle
5:790  0:000  Add 3 devices:
5:790  0:000  USB FixOwnership: yes
5:790  0:000  Dropping 8 tables:
5:790  0:000   - [00]: Drop table  signature="SSDT" (54445353) table-id="_PNLFCFL" (4C4643464C4E505F)
5:790  0:000           - set table: 54445353, 4C4643464C4E505F to drop: no
5:790  0:000   - [01]: Drop table  signature="SSDT" (54445353) table-id="NDGP" (000000005047444E)
5:790  0:000           - set table: 54445353,         5047444E to drop: no
5:790  0:000   - [02]: Drop table  signature="SSDT" (54445353) table-id="bat0" (0000000030746162)
5:790  0:000           - set table: 54445353,         30746162 to drop: no
5:790  0:000   - [03]: Drop table  signature="SSDT" (54445353) table-id="XPRW" (0000000057525058)
5:790  0:000           - set table: 54445353,         57525058 to drop: no
5:790  0:000   - [04]: Drop table  signature="SSDT" (54445353) table-id="_ALS0" (00000030534C415F)
5:790  0:000           - set table: 54445353,       30534C415F to drop: no
5:790  0:000   - [05]: Drop table  signature="SSDT" (54445353) table-id="XOSI" (0000000049534F58)
5:790  0:000           - set table: 54445353,         49534F58 to drop: no
5:790  0:000   - [06]: Drop table  signature="SSDT" (54445353) table-id="TPAD" (0000000044415054)
5:790  0:000           - set table: 54445353,         44415054 to drop: no
5:790  0:000   - [07]: Drop table  signature="SSDT" (54445353) table-id="THUNDERB" (425245444E554854)
5:790  0:000           - set table: 54445353, 425245444E554854 to drop: no
5:790  0:000   - final DSDT Fix mask=00067051
5:790  0:000  PatchesDSDT: 16 requested
5:790  0:000   - [00]: (SSDT: change _OSI to XOSI) lenToFind: 4, lenToReplace: 4, Target Bridge: <null string>
5:790  0:000   - [01]: (Audio: change HDAS to HDEF) lenToFind: 4, lenToReplace: 4, Target Bridge: <null string>
5:790  0:000   - [02]: (IGPU: change HECI to IMEI) lenToFind: 4, lenToReplace: 4, Target Bridge: <null string>
5:790  0:000   - [03]: (IGPU: change MEI to IMEI) lenToFind: 4, lenToReplace: 4, Target Bridge: <null string>
5:790  0:000   - [04]: (IGPU: change GFX0 to IGPU) lenToFind: 4, lenToReplace: 4, Target Bridge: <null string>
5:790  0:000   - [05]: (Battery: change ECXP to XCXP) lenToFind: 4, lenToReplace: 4, Target Bridge: <null string>
5:790  0:000   - [06]: (Battery: change _BIF to XBIF) lenToFind: 4, lenToReplace: 4, Target Bridge: <null string>
5:790  0:000    patch disabled at config
5:790  0:000   - [07]: (Battery: change _BST to XBST) lenToFind: 4, lenToReplace: 4, Target Bridge: <null string>
5:790  0:000    patch disabled at config
5:790  0:000   - [08]: (Battery: change ECBE to XCBE) lenToFind: 5, lenToReplace: 5, Target Bridge: <null string>
5:790  0:000   - [09]: (Instant Wake: change GPRW to XPRW) lenToFind: 7, lenToReplace: 7, Target Bridge: <null string>
5:790  0:000   - [10]: (I2C: change USTP, 8 to XSTP, 8) lenToFind: 5, lenToReplace: 5, Target Bridge: <null string>
5:790  0:000   - [11]: (I2C: change SBFI to SBFS) lenToFind: 5, lenToReplace: 5, Target Bridge: TPADyÂn²ptal
5:790  0:000   - [12]: (I2C: change return value to SBFS) lenToFind: 10, lenToReplace: 10, Target Bridge: TPAD chaptalretu0
5:790  0:000   - [13]: (Fn: change _Q14 to XQ14) lenToFind: 4, lenToReplace: 4, Target Bridge: <null string>
5:790  0:000   - [14]: (Fn: change _Q15 to XQ15) lenToFind: 4, lenToReplace: 4, Target Bridge: <null string>
5:790  0:000   - [15]: (RTC: change _STA to XSTA) lenToFind: 4, lenToReplace: 4, Target Bridge: RTCO chaptal_STA0
5:790  0:000  Using ProductName from config: MacBookPro6,1
5:790  0:000  Found same BiosVersion in clover and config
5:790  0:000  BiosVersion: MBP61.88Z.F000.B00.1906132235
5:790  0:000  BiosReleaseDate: 06/13/19
5:790  0:000  Using EfiVersion from clover: 99.0.0.0.0
5:790  0:000  Using FirmwareFeatures from config: 0xC00DE137
5:790  0:000  Using FirmwareFeaturesMask from config: 0xFF1FFF3F
5:790  0:000  Board-ID set from config as Mac-F22589C8
5:790  0:000  BoardType: 0xA
5:790  0:000  ChassisType: 0xA
5:790  0:000  Converted CustomUUID 379DD81D-7CA7-4088-8946-8F6167ADB5BA
5:791  0:000  === [ Found DSDT tables ] =================================
7:300  1:509  === [ ScanVolumes ] =======================================
7:300  0:000  Found 26 volumes with blockIO
7:300  0:000  - [00]: Volume: PciRoot(0x0)\Pci(0x14,0x0)\USB(0x5,0x0)
7:303  0:002          USB volume
7:303  0:000  - [01]: Volume: PciRoot(0x0)\Pci(0x14,0x0)\USB(0x5,0x0)\HD(1,GPT,E305BF1C-A6AB-4EBB-B7F2-391083E932A9,0x800,0x96000)
7:305  0:002          Result of bootcode detection: bootable Windows (win)
7:305  0:000          USB volume
7:305  0:000  - [02]: Volume: PciRoot(0x0)\Pci(0x14,0x0)\USB(0x5,0x0)\HD(2,GPT,7FC5C1CD-6B3A-4918-8063-832CF3FD48C5,0x96800,0x40000)
7:307  0:002          Result of bootcode detection: bootable Windows (vista,win)
7:307  0:000          USB volume
7:311  0:004  - [03]: Volume: PciRoot(0x0)\Pci(0x14,0x0)\USB(0x5,0x0)\HD(3,GPT,A897566F-4970-4F5E-A689-FDA18EFF9541,0xD6800,0xFC4D5E0)
7:313  0:002          Result of bootcode detection: bootable unknown (legacy)
7:313  0:000          USB volume
7:313  0:000  - [04]: Volume: PciRoot(0x0)\Pci(0x14,0x0)\USB(0x5,0x0)\HD(4,GPT,44E1BA53-F80C-42DE-B498-64EE8B39B4E6,0xFD23DE0,0xDFCF4A8)
7:315  0:002          Result of bootcode detection: bootable unknown (legacy)
7:315  0:000          USB volume
7:315  0:000  - [05]: Volume: PciRoot(0x0)\Pci(0x17,0x0)\Sata(0x4,0xFFFF,0x0)
7:317  0:001  - [06]: Volume: PciRoot(0x0)\Pci(0x17,0x0)\Sata(0x4,0xFFFF,0x0)\HD(1,GPT,8416598B-CB17-46F4-B562-10A71931687C,0x800,0x1F4000)
7:318  0:001          Result of bootcode detection: bootable Windows (vista,win)
7:319  0:001  - [07]: Volume: PciRoot(0x0)\Pci(0x17,0x0)\Sata(0x4,0xFFFF,0x0)\HD(2,GPT,FB8E8CFF-08D4-44F6-A59B-82AC7FAF9B06,0x1F4800,0x3A1AF000)
7:321  0:001          Result of bootcode detection: bootable Windows (vista,win)
7:321  0:000  - [08]: Volume: PciRoot(0x0)\Pci(0x17,0x0)\Sata(0x4,0xFFFF,0x0)\HD(3,GPT,04BAB1F5-80F3-45F8-9C3C-1244A808331B,0x3A3A3800,0x3A36358F)
7:322  0:001          Result of bootcode detection: bootable Windows (vista,win)
7:322  0:000  - [09]: Volume: PciRoot(0x0)\Pci(0x1D,0x0)\Pci(0x0,0x0)\NVMe(0x1,65-18-03-20-48-B7-26-00)
7:322  0:000  - [10]: Volume: PciRoot(0x0)\Pci(0x1D,0x0)\Pci(0x0,0x0)\NVMe(0x1,65-18-03-20-48-B7-26-00)\HD(1,GPT,3D9C30C5-766C-432C-92DB-580E71308FA1,0x800,0x96000)
7:322  0:000          Result of bootcode detection: bootable Windows (vista,win)
7:322  0:000          This is SelfVolume !!
7:322  0:000  - [11]: Volume: PciRoot(0x0)\Pci(0x1D,0x0)\Pci(0x0,0x0)\NVMe(0x1,65-18-03-20-48-B7-26-00)\HD(2,GPT,5F74D3BD-24CF-482B-9394-835277D40142,0x96800,0x8000)
7:322  0:000  - [12]: Volume: PciRoot(0x0)\Pci(0x1D,0x0)\Pci(0x0,0x0)\NVMe(0x1,65-18-03-20-48-B7-26-00)\HD(3,GPT,D24E1F80-4174-433F-8E7D-5CC6EA4B8B5B,0x9E800,0x23000800)
7:323  0:000          Result of bootcode detection: bootable Windows (vista,win)
7:323  0:000  - [13]: Volume: PciRoot(0x0)\Pci(0x1D,0x0)\Pci(0x0,0x0)\NVMe(0x1,65-18-03-20-48-B7-26-00)\HD(4,GPT,06254147-BAF3-4C05-801B-3C2E06EA7C39,0x2309F000,0x51627D8F)
7:323  0:000          Result of bootcode detection: bootable unknown (legacy)
7:323  0:000  - [14]: Volume: PciRoot(0x0)\Pci(0x14,0x0)\USB(0x5,0x0)\HD(3,GPT,A897566F-4970-4F5E-A689-FDA18EFF9541,0xD6800,0xFC4D5E0)\VenMedia(BE74FCF7-0B7C-49F3-9147-01F4042E6842,608D8519018D1F4D9C922AABA090FF7C)
7:323  0:000          USB volume
7:323  0:000          hiding this volume
7:323  0:000  - [15]: Volume: PciRoot(0x0)\Pci(0x14,0x0)\USB(0x5,0x0)\HD(3,GPT,A897566F-4970-4F5E-A689-FDA18EFF9541,0xD6800,0xFC4D5E0)\VenMedia(BE74FCF7-0B7C-49F3-9147-01F4042E6842,C90036096EF4CC46A7FD05CAC19A1E8F)
7:323  0:000          USB volume
7:323  0:000  - [16]: Volume: PciRoot(0x0)\Pci(0x14,0x0)\USB(0x5,0x0)\HD(3,GPT,A897566F-4970-4F5E-A689-FDA18EFF9541,0xD6800,0xFC4D5E0)\VenMedia(BE74FCF7-0B7C-49F3-9147-01F4042E6842,A28C67EAE51A384992387CF55F93A9A6)
7:323  0:000          USB volume
7:323  0:000  - [17]: Volume: PciRoot(0x0)\Pci(0x14,0x0)\USB(0x5,0x0)\HD(3,GPT,A897566F-4970-4F5E-A689-FDA18EFF9541,0xD6800,0xFC4D5E0)\VenMedia(BE74FCF7-0B7C-49F3-9147-01F4042E6842,5FF0EAFA2F7E854BB039B4E2A846ABFA)
7:323  0:000          USB volume
7:323  0:000  - [18]: Volume: PciRoot(0x0)\Pci(0x14,0x0)\USB(0x5,0x0)\HD(4,GPT,44E1BA53-F80C-42DE-B498-64EE8B39B4E6,0xFD23DE0,0xDFCF4A8)\VenMedia(BE74FCF7-0B7C-49F3-9147-01F4042E6842,827FE17CC96A96479105C4ACB8D1D964)
7:323  0:000          USB volume
7:323  0:000          hiding this volume
7:323  0:000  - [19]: Volume: PciRoot(0x0)\Pci(0x14,0x0)\USB(0x5,0x0)\HD(4,GPT,44E1BA53-F80C-42DE-B498-64EE8B39B4E6,0xFD23DE0,0xDFCF4A8)\VenMedia(BE74FCF7-0B7C-49F3-9147-01F4042E6842,561F8C4116B65846A3DC77D8FD96BF92)
7:323  0:000          USB volume
7:323  0:000  - [20]: Volume: PciRoot(0x0)\Pci(0x14,0x0)\USB(0x5,0x0)\HD(4,GPT,44E1BA53-F80C-42DE-B498-64EE8B39B4E6,0xFD23DE0,0xDFCF4A8)\VenMedia(BE74FCF7-0B7C-49F3-9147-01F4042E6842,DC00FC7A6450234FA1AF440917E1A30B)
7:323  0:000          USB volume
7:323  0:000  - [21]: Volume: PciRoot(0x0)\Pci(0x1D,0x0)\Pci(0x0,0x0)\NVMe(0x1,65-18-03-20-48-B7-26-00)\HD(4,GPT,06254147-BAF3-4C05-801B-3C2E06EA7C39,0x2309F000,0x51627D8F)\VenMedia(BE74FCF7-0B7C-49F3-9147-01F4042E6842,483EA8C595F4024E9962E54B5E09C4BC)
7:323  0:000          hiding this volume
7:323  0:000  - [22]: Volume: PciRoot(0x0)\Pci(0x1D,0x0)\Pci(0x0,0x0)\NVMe(0x1,65-18-03-20-48-B7-26-00)\HD(4,GPT,06254147-BAF3-4C05-801B-3C2E06EA7C39,0x2309F000,0x51627D8F)\VenMedia(BE74FCF7-0B7C-49F3-9147-01F4042E6842,C4E29EB8EC327E30B0A253313CE03D86)
7:323  0:000  - [23]: Volume: PciRoot(0x0)\Pci(0x1D,0x0)\Pci(0x0,0x0)\NVMe(0x1,65-18-03-20-48-B7-26-00)\HD(4,GPT,06254147-BAF3-4C05-801B-3C2E06EA7C39,0x2309F000,0x51627D8F)\VenMedia(BE74FCF7-0B7C-49F3-9147-01F4042E6842,4B2446A89008C845992619215E28E9C3)
7:323  0:000  - [24]: Volume: PciRoot(0x0)\Pci(0x1D,0x0)\Pci(0x0,0x0)\NVMe(0x1,65-18-03-20-48-B7-26-00)\HD(4,GPT,06254147-BAF3-4C05-801B-3C2E06EA7C39,0x2309F000,0x51627D8F)\VenMedia(BE74FCF7-0B7C-49F3-9147-01F4042E6842,6DD90B087A39DC4ABAD10035B31D4FF5)
7:324  0:000  - [25]: Volume: PciRoot(0x0)\Pci(0x1D,0x0)\Pci(0x0,0x0)\NVMe(0x1,65-18-03-20-48-B7-26-00)\HD(4,GPT,06254147-BAF3-4C05-801B-3C2E06EA7C39,0x2309F000,0x51627D8F)\VenMedia(BE74FCF7-0B7C-49F3-9147-01F4042E6842,42D0811E278DEA4F857574D75BB9AC93)
7:326  0:002  PutNvramPlistToRtVars: nvram.plist not found
7:326  0:000  found 2 handles with audio
7:326  0:000  No AudioIoDevice stored
7:326  0:000  no stored audio parameters
7:326  0:000  Found Audio Device Realtek ALC269 (Speaker) at index 0
7:326  0:000  Found Audio Device Realtek ALC269 (Headphones) at index 1
7:326  0:000  Found Audio Device Intel Kaby Lake HDMI (HDMI) at index 2
7:326  0:000  === [ InitTheme ] =========================================
7:326  0:000  use daylight theme
7:341  0:014  Using theme 'Mojave' (EFI\CLOVER\themes\Mojave)
7:341  0:000  OS main and drive as badge
7:343  0:001    Channels: 1  Sample rate: 44100 Hz  Bits: 16
7:343  0:000  output to channel 0 with volume 70, len=228736
7:343  0:000   sound channels=1 bits=16 freq=44100
7:343  0:000  not found AudioIo to play
7:343  0:000  free sound
7:343  0:000  sound play end with status=Not Found
7:345  0:001  Loading font from ThemeDir: Success
7:345  0:000  theme inited
7:345  0:000  Chosen theme Mojave
7:345  0:000  after NVRAM boot-args=darkwake=0 abm_firstpolldelay=16000 debug=0x100 nvda_drv=1 kext-dev-mode=1
7:345  0:000  === [ Dump SMC keys from NVRAM ] ==========================
7:345  0:000  found AppleSMC protocol
7:345  0:000  Registered 0 SMC keys
7:345  0:000  === [ AddCustomEntries ] ==================================
7:345  0:000  Custom entry 0 Title:"Windows" Path:"\EFI\Microsoft\Boot\bootmgfw.efi" Options:"-s -h" Type:7 Flags:0x0 matching all volumes
7:345  0:000      Checking volume "EFI" (PciRoot(0x0)\Pci(0x14,0x0)\USB(0x5,0x0)\HD(1,GPT,E305BF1C-A6AB-4EBB-B7F2-391083E932A9,0x800,0x96000)) ... skipped because path does not exist
7:345  0:000      Checking volume "EFI" (PciRoot(0x0)\Pci(0x17,0x0)\Sata(0x4,0xFFFF,0x0)\HD(1,GPT,8416598B-CB17-46F4-B562-10A71931687C,0x800,0x1F4000)) ... skipped because path does not exist
7:346  0:001      Checking volume "Down" (PciRoot(0x0)\Pci(0x17,0x0)\Sata(0x4,0xFFFF,0x0)\HD(2,GPT,FB8E8CFF-08D4-44F6-A59B-82AC7FAF9B06,0x1F4800,0x3A1AF000)) ... skipped because path does not exist
7:346  0:000      Checking volume "Doc" (PciRoot(0x0)\Pci(0x17,0x0)\Sata(0x4,0xFFFF,0x0)\HD(3,GPT,04BAB1F5-80F3-45F8-9C3C-1244A808331B,0x3A3A3800,0x3A36358F)) ... skipped because path does not exist
7:346  0:000      Checking volume "EFI" (PciRoot(0x0)\Pci(0x1D,0x0)\Pci(0x0,0x0)\NVMe(0x1,65-18-03-20-48-B7-26-00)\HD(1,GPT,3D9C30C5-766C-432C-92DB-580E71308FA1,0x800,0x96000)) ... match!
7:349  0:002  Custom settings: <null string>.plist will  be applied
7:349  0:000      Checking volume "Windows" (PciRoot(0x0)\Pci(0x1D,0x0)\Pci(0x0,0x0)\NVMe(0x1,65-18-03-20-48-B7-26-00)\HD(3,GPT,D24E1F80-4174-433F-8E7D-5CC6EA4B8B5B,0x9E800,0x23000800)) ... skipped because path does not exist
7:349  0:000      Checking volume "Preboot" (PciRoot(0x0)\Pci(0x14,0x0)\USB(0x5,0x0)\HD(3,GPT,A897566F-4970-4F5E-A689-FDA18EFF9541,0xD6800,0xFC4D5E0)\VenMedia(BE74FCF7-0B7C-49F3-9147-01F4042E6842,608D8519018D1F4D9C922AABA090FF7C)) ... skipped because volume is hidden
7:349  0:000      Checking volume "Sierra" (PciRoot(0x0)\Pci(0x14,0x0)\USB(0x5,0x0)\HD(3,GPT,A897566F-4970-4F5E-A689-FDA18EFF9541,0xD6800,0xFC4D5E0)\VenMedia(BE74FCF7-0B7C-49F3-9147-01F4042E6842,C90036096EF4CC46A7FD05CAC19A1E8F)) ... skipped because path does not exist
7:349  0:000      Checking volume "Recovery" (PciRoot(0x0)\Pci(0x14,0x0)\USB(0x5,0x0)\HD(3,GPT,A897566F-4970-4F5E-A689-FDA18EFF9541,0xD6800,0xFC4D5E0)\VenMedia(BE74FCF7-0B7C-49F3-9147-01F4042E6842,A28C67EAE51A384992387CF55F93A9A6)) ... skipped because path does not exist
7:349  0:000      Checking volume "VM" (PciRoot(0x0)\Pci(0x14,0x0)\USB(0x5,0x0)\HD(3,GPT,A897566F-4970-4F5E-A689-FDA18EFF9541,0xD6800,0xFC4D5E0)\VenMedia(BE74FCF7-0B7C-49F3-9147-01F4042E6842,5FF0EAFA2F7E854BB039B4E2A846ABFA)) ... skipped because path does not exist
7:349  0:000      Checking volume "Preboot" (PciRoot(0x0)\Pci(0x14,0x0)\USB(0x5,0x0)\HD(4,GPT,44E1BA53-F80C-42DE-B498-64EE8B39B4E6,0xFD23DE0,0xDFCF4A8)\VenMedia(BE74FCF7-0B7C-49F3-9147-01F4042E6842,827FE17CC96A96479105C4ACB8D1D964)) ... skipped because volume is hidden
7:349  0:000      Checking volume "Highsierra" (PciRoot(0x0)\Pci(0x14,0x0)\USB(0x5,0x0)\HD(4,GPT,44E1BA53-F80C-42DE-B498-64EE8B39B4E6,0xFD23DE0,0xDFCF4A8)\VenMedia(BE74FCF7-0B7C-49F3-9147-01F4042E6842,561F8C4116B65846A3DC77D8FD96BF92)) ... skipped because path does not exist
7:349  0:000      Checking volume "Recovery" (PciRoot(0x0)\Pci(0x14,0x0)\USB(0x5,0x0)\HD(4,GPT,44E1BA53-F80C-42DE-B498-64EE8B39B4E6,0xFD23DE0,0xDFCF4A8)\VenMedia(BE74FCF7-0B7C-49F3-9147-01F4042E6842,DC00FC7A6450234FA1AF440917E1A30B)) ... skipped because path does not exist
7:349  0:000      Checking volume "Preboot" (PciRoot(0x0)\Pci(0x1D,0x0)\Pci(0x0,0x0)\NVMe(0x1,65-18-03-20-48-B7-26-00)\HD(4,GPT,06254147-BAF3-4C05-801B-3C2E06EA7C39,0x2309F000,0x51627D8F)\VenMedia(BE74FCF7-0B7C-49F3-9147-01F4042E6842,483EA8C595F4024E9962E54B5E09C4BC)) ... skipped because volume is hidden
7:349  0:000      Checking volume "Catalina - pn" (PciRoot(0x0)\Pci(0x1D,0x0)\Pci(0x0,0x0)\NVMe(0x1,65-18-03-20-48-B7-26-00)\HD(4,GPT,06254147-BAF3-4C05-801B-3C2E06EA7C39,0x2309F000,0x51627D8F)\VenMedia(BE74FCF7-0B7C-49F3-9147-01F4042E6842,C4E29EB8EC327E30B0A253313CE03D86)) ... skipped because path does not exist
7:349  0:000      Checking volume "Recovery" (PciRoot(0x0)\Pci(0x1D,0x0)\Pci(0x0,0x0)\NVMe(0x1,65-18-03-20-48-B7-26-00)\HD(4,GPT,06254147-BAF3-4C05-801B-3C2E06EA7C39,0x2309F000,0x51627D8F)\VenMedia(BE74FCF7-0B7C-49F3-9147-01F4042E6842,4B2446A89008C845992619215E28E9C3)) ... skipped because path does not exist
7:349  0:000      Checking volume "VM" (PciRoot(0x0)\Pci(0x1D,0x0)\Pci(0x0,0x0)\NVMe(0x1,65-18-03-20-48-B7-26-00)\HD(4,GPT,06254147-BAF3-4C05-801B-3C2E06EA7C39,0x2309F000,0x51627D8F)\VenMedia(BE74FCF7-0B7C-49F3-9147-01F4042E6842,6DD90B087A39DC4ABAD10035B31D4FF5)) ... skipped because path does not exist
7:349  0:000      Checking volume "Catalina" (PciRoot(0x0)\Pci(0x1D,0x0)\Pci(0x0,0x0)\NVMe(0x1,65-18-03-20-48-B7-26-00)\HD(4,GPT,06254147-BAF3-4C05-801B-3C2E06EA7C39,0x2309F000,0x51627D8F)\VenMedia(BE74FCF7-0B7C-49F3-9147-01F4042E6842,42D0811E278DEA4F857574D75BB9AC93)) ... skipped because path does not exist
7:349  0:000  Custom entry 1 Title:"Recovery" Path:"\com.apple.recovery.boot\boot.efi" Type:10 Flags:0x2 matching all volumes
7:349  0:000      Checking volume "EFI" (PciRoot(0x0)\Pci(0x14,0x0)\USB(0x5,0x0)\HD(1,GPT,E305BF1C-A6AB-4EBB-B7F2-391083E932A9,0x800,0x96000)) ... skipped because path does not exist
7:349  0:000      Checking volume "EFI" (PciRoot(0x0)\Pci(0x17,0x0)\Sata(0x4,0xFFFF,0x0)\HD(1,GPT,8416598B-CB17-46F4-B562-10A71931687C,0x800,0x1F4000)) ... skipped because path does not exist
7:351  0:001      Checking volume "Down" (PciRoot(0x0)\Pci(0x17,0x0)\Sata(0x4,0xFFFF,0x0)\HD(2,GPT,FB8E8CFF-08D4-44F6-A59B-82AC7FAF9B06,0x1F4800,0x3A1AF000)) ... skipped because path does not exist
7:351  0:000      Checking volume "Doc" (PciRoot(0x0)\Pci(0x17,0x0)\Sata(0x4,0xFFFF,0x0)\HD(3,GPT,04BAB1F5-80F3-45F8-9C3C-1244A808331B,0x3A3A3800,0x3A36358F)) ... skipped because path does not exist
7:351  0:000      Checking volume "EFI" (PciRoot(0x0)\Pci(0x1D,0x0)\Pci(0x0,0x0)\NVMe(0x1,65-18-03-20-48-B7-26-00)\HD(1,GPT,3D9C30C5-766C-432C-92DB-580E71308FA1,0x800,0x96000)) ... skipped because path does not exist
7:351  0:000      Checking volume "Windows" (PciRoot(0x0)\Pci(0x1D,0x0)\Pci(0x0,0x0)\NVMe(0x1,65-18-03-20-48-B7-26-00)\HD(3,GPT,D24E1F80-4174-433F-8E7D-5CC6EA4B8B5B,0x9E800,0x23000800)) ... skipped because path does not exist
7:351  0:000      Checking volume "Preboot" (PciRoot(0x0)\Pci(0x14,0x0)\USB(0x5,0x0)\HD(3,GPT,A897566F-4970-4F5E-A689-FDA18EFF9541,0xD6800,0xFC4D5E0)\VenMedia(BE74FCF7-0B7C-49F3-9147-01F4042E6842,608D8519018D1F4D9C922AABA090FF7C)) ... skipped because volume is hidden
7:351  0:000      Checking volume "Sierra" (PciRoot(0x0)\Pci(0x14,0x0)\USB(0x5,0x0)\HD(3,GPT,A897566F-4970-4F5E-A689-FDA18EFF9541,0xD6800,0xFC4D5E0)\VenMedia(BE74FCF7-0B7C-49F3-9147-01F4042E6842,C90036096EF4CC46A7FD05CAC19A1E8F)) ... skipped because path does not exist
7:351  0:000      Checking volume "Recovery" (PciRoot(0x0)\Pci(0x14,0x0)\USB(0x5,0x0)\HD(3,GPT,A897566F-4970-4F5E-A689-FDA18EFF9541,0xD6800,0xFC4D5E0)\VenMedia(BE74FCF7-0B7C-49F3-9147-01F4042E6842,A28C67EAE51A384992387CF55F93A9A6)) ... skipped because path does not exist
7:351  0:000      Checking volume "VM" (PciRoot(0x0)\Pci(0x14,0x0)\USB(0x5,0x0)\HD(3,GPT,A897566F-4970-4F5E-A689-FDA18EFF9541,0xD6800,0xFC4D5E0)\VenMedia(BE74FCF7-0B7C-49F3-9147-01F4042E6842,5FF0EAFA2F7E854BB039B4E2A846ABFA)) ... skipped because path does not exist
7:351  0:000      Checking volume "Preboot" (PciRoot(0x0)\Pci(0x14,0x0)\USB(0x5,0x0)\HD(4,GPT,44E1BA53-F80C-42DE-B498-64EE8B39B4E6,0xFD23DE0,0xDFCF4A8)\VenMedia(BE74FCF7-0B7C-49F3-9147-01F4042E6842,827FE17CC96A96479105C4ACB8D1D964)) ... skipped because volume is hidden
7:351  0:000      Checking volume "Highsierra" (PciRoot(0x0)\Pci(0x14,0x0)\USB(0x5,0x0)\HD(4,GPT,44E1BA53-F80C-42DE-B498-64EE8B39B4E6,0xFD23DE0,0xDFCF4A8)\VenMedia(BE74FCF7-0B7C-49F3-9147-01F4042E6842,561F8C4116B65846A3DC77D8FD96BF92)) ... skipped because path does not exist
7:351  0:000      Checking volume "Recovery" (PciRoot(0x0)\Pci(0x14,0x0)\USB(0x5,0x0)\HD(4,GPT,44E1BA53-F80C-42DE-B498-64EE8B39B4E6,0xFD23DE0,0xDFCF4A8)\VenMedia(BE74FCF7-0B7C-49F3-9147-01F4042E6842,DC00FC7A6450234FA1AF440917E1A30B)) ... skipped because path does not exist
7:351  0:000      Checking volume "Preboot" (PciRoot(0x0)\Pci(0x1D,0x0)\Pci(0x0,0x0)\NVMe(0x1,65-18-03-20-48-B7-26-00)\HD(4,GPT,06254147-BAF3-4C05-801B-3C2E06EA7C39,0x2309F000,0x51627D8F)\VenMedia(BE74FCF7-0B7C-49F3-9147-01F4042E6842,483EA8C595F4024E9962E54B5E09C4BC)) ... skipped because volume is hidden
7:351  0:000      Checking volume "Catalina - pn" (PciRoot(0x0)\Pci(0x1D,0x0)\Pci(0x0,0x0)\NVMe(0x1,65-18-03-20-48-B7-26-00)\HD(4,GPT,06254147-BAF3-4C05-801B-3C2E06EA7C39,0x2309F000,0x51627D8F)\VenMedia(BE74FCF7-0B7C-49F3-9147-01F4042E6842,C4E29EB8EC327E30B0A253313CE03D86)) ... skipped because path does not exist
7:351  0:000      Checking volume "Recovery" (PciRoot(0x0)\Pci(0x1D,0x0)\Pci(0x0,0x0)\NVMe(0x1,65-18-03-20-48-B7-26-00)\HD(4,GPT,06254147-BAF3-4C05-801B-3C2E06EA7C39,0x2309F000,0x51627D8F)\VenMedia(BE74FCF7-0B7C-49F3-9147-01F4042E6842,4B2446A89008C845992619215E28E9C3)) ... skipped because path does not exist
7:351  0:000      Checking volume "VM" (PciRoot(0x0)\Pci(0x1D,0x0)\Pci(0x0,0x0)\NVMe(0x1,65-18-03-20-48-B7-26-00)\HD(4,GPT,06254147-BAF3-4C05-801B-3C2E06EA7C39,0x2309F000,0x51627D8F)\VenMedia(BE74FCF7-0B7C-49F3-9147-01F4042E6842,6DD90B087A39DC4ABAD10035B31D4FF5)) ... skipped because path does not exist
7:351  0:000      Checking volume "Catalina" (PciRoot(0x0)\Pci(0x1D,0x0)\Pci(0x0,0x0)\NVMe(0x1,65-18-03-20-48-B7-26-00)\HD(4,GPT,06254147-BAF3-4C05-801B-3C2E06EA7C39,0x2309F000,0x51627D8F)\VenMedia(BE74FCF7-0B7C-49F3-9147-01F4042E6842,42D0811E278DEA4F857574D75BB9AC93)) ... skipped because path does not exist
7:351  0:000  === [ ScanLoader ] ========================================
7:351  0:000  - [01]: 'EFI'
7:374  0:022  - [06]: 'EFI'
7:452  0:078  - [07]: 'Down'
7:474  0:021  - [08]: 'Doc'
7:495  0:021  - [10]: 'EFI'
7:496  0:000          AddLoaderEntry for Volume Name=EFI
7:496  0:000       skipped because path `PciRoot(0x0)\Pci(0x1D,0x0)\Pci(0x0,0x0)\NVMe(0x1,65-18-03-20-48-B7-26-00)\HD(1,GPT,3D9C30C5-766C-432C-92DB-580E71308FA1,0x800,0x96000)\EFI\microsoft\Boot\bootmgfw.efii` already exists for another entry!
7:519  0:022          AddLoaderEntry for Volume Name=EFI
7:519  0:000          skipped because entry is hidden
7:519  0:000  - [12]: 'Windows'
7:540  0:021  - [14]: 'Preboot', hidden
7:540  0:000  - [15]: 'Sierra'
7:625  0:085          AddLoaderEntry for Volume Name=Sierra
7:639  0:014      hibernated: set as never
7:662  0:023  - [16]: 'Recovery'
7:662  0:000          AddLoaderEntry for Volume Name=Recovery
7:688  0:025  - [17]: 'VM'
7:709  0:021  - [18]: 'Preboot', hidden
7:709  0:000  - [19]: 'Highsierra'
7:730  0:020          AddLoaderEntry for Volume Name=Highsierra
7:796  0:066  - [20]: 'Recovery'
7:817  0:020  - [21]: 'Preboot', hidden
7:817  0:000  - [22]: 'Catalina - pn'
7:838  0:021  - [23]: 'Recovery'
7:839  0:000          AddLoaderEntry for Volume Name=Recovery
7:861  0:022  - [24]: 'VM'
7:881  0:019  - [25]: 'Catalina'
7:885  0:003          AddLoaderEntry for Volume Name=Catalina
7:886  0:001      hibernated: set as never
7:907  0:020  === [ AddCustomTool ] =====================================
7:907  0:000  Checking EFI partition Volume 1 for Clover
7:907  0:000  Checking EFI partition Volume 6 for Clover
7:909  0:002  Checking EFI partition Volume 10 for Clover
7:909  0:000   Found Clover
7:910  0:000  EmuVariable UninstallEmulation: CloseEvent = Success, original var services restored
7:910  0:000  EmuVariable InstallEmulation: orig vars copied, emu.var.services installed, CreateEvent VirtualAddressChange = Success, CreateEvent ExitBootServices = Success, set Status=Success
7:941  0:030  === [ GetEfiBootDeviceFromNvram ] =========================
7:941  0:000   - efi-boot-device-data: PciRoot(0x0)\Pci(0x1D,0x0)\Pci(0x0,0x0)\NVMe(0x1,65-18-03-20-48-B7-26-00)\HD(1,GPT,3D9C30C5-766C-432C-92DB-580E71308FA1,0x800,0x96000)\EFI\microsoft\Boot\bootmgfw.efii
7:941  0:000    - Volume: 'PciRoot(0x0)\Pci(0x1D,0x0)\Pci(0x0,0x0)\NVMe(0x1,65-18-03-20-48-B7-26-00)\HD(1,GPT,3D9C30C5-766C-432C-92DB-580E71308FA1,0x800,0x96000)'
7:941  0:000    - LoaderPath: '\EFI\microsoft\Boot\bootmgfw.efi'
7:941  0:000    - Guid = 3D9C30C5-766C-432C-92DB-580E71308FA1
7:941  0:000  === [ FindStartupDiskVolume ] =============================
7:941  0:000    - Volume: partition = PciRoot(0x0)\Pci(0x1D,0x0)\Pci(0x0,0x0)\NVMe(0x1,65-18-03-20-48-B7-26-00)\HD(1,GPT,3D9C30C5-766C-432C-92DB-580E71308FA1,0x800,0x96000)
7:941  0:000     - searching for that partition and loader '\EFI\microsoft\Boot\bootmgfw.efi'
7:941  0:000      - found entry 0. 'Boot Windows from EFI', Volume 'EFI', '\EFI\Microsoft\Boot\bootmgfw.efi'
7:941  0:000  Boot redirected to Entry 0. 'Boot Windows from EFI'
7:941  0:000  EmuVariable UninstallEmulation: CloseEvent = Success, original var services restored
7:941  0:000  DefaultIndex=0 and MainMenu.EntryCount=11
8:465  0:523  GUI ready
12:958  4:493  exit from MainMenu 7
15:184  2:225  exit from MainMenu 8
15:185  0:001  ReinitSelfLib after theme change
15:185  0:000  reinit: self device path=PciRoot(0x0)\Pci(0x1D,0x0)\Pci(0x0,0x0)\NVMe(0x1,65-18-03-20-48-B7-26-00)\HD(1,GPT,3D9C30C5-766C-432C-92DB-580E71308FA1,0x800,0x96000)
15:186  0:000  === [ ScanVolumes ] =======================================
15:186  0:000  Found 26 volumes with blockIO
15:186  0:000  - [00]: Volume: PciRoot(0x0)\Pci(0x14,0x0)\USB(0x5,0x0)
15:188  0:002          USB volume
15:188  0:000  - [01]: Volume: PciRoot(0x0)\Pci(0x14,0x0)\USB(0x5,0x0)\HD(1,GPT,E305BF1C-A6AB-4EBB-B7F2-391083E932A9,0x800,0x96000)
15:190  0:002          Result of bootcode detection: bootable Windows (win)
15:190  0:000          USB volume
15:190  0:000  - [02]: Volume: PciRoot(0x0)\Pci(0x14,0x0)\USB(0x5,0x0)\HD(2,GPT,7FC5C1CD-6B3A-4918-8063-832CF3FD48C5,0x96800,0x40000)
15:192  0:002          Result of bootcode detection: bootable Windows (vista,win)
15:192  0:000          USB volume
15:196  0:004  - [03]: Volume: PciRoot(0x0)\Pci(0x14,0x0)\USB(0x5,0x0)\HD(3,GPT,A897566F-4970-4F5E-A689-FDA18EFF9541,0xD6800,0xFC4D5E0)
15:199  0:002          Result of bootcode detection: bootable unknown (legacy)
15:199  0:000          USB volume
15:199  0:000  - [04]: Volume: PciRoot(0x0)\Pci(0x14,0x0)\USB(0x5,0x0)\HD(4,GPT,44E1BA53-F80C-42DE-B498-64EE8B39B4E6,0xFD23DE0,0xDFCF4A8)
15:201  0:002          Result of bootcode detection: bootable unknown (legacy)
15:201  0:000          USB volume
15:201  0:000  - [05]: Volume: PciRoot(0x0)\Pci(0x17,0x0)\Sata(0x4,0xFFFF,0x0)
15:202  0:001  - [06]: Volume: PciRoot(0x0)\Pci(0x17,0x0)\Sata(0x4,0xFFFF,0x0)\HD(1,GPT,8416598B-CB17-46F4-B562-10A71931687C,0x800,0x1F4000)
15:203  0:001          Result of bootcode detection: bootable Windows (vista,win)
15:204  0:001  - [07]: Volume: PciRoot(0x0)\Pci(0x17,0x0)\Sata(0x4,0xFFFF,0x0)\HD(2,GPT,FB8E8CFF-08D4-44F6-A59B-82AC7FAF9B06,0x1F4800,0x3A1AF000)
15:206  0:001          Result of bootcode detection: bootable Windows (vista,win)
15:206  0:000  - [08]: Volume: PciRoot(0x0)\Pci(0x17,0x0)\Sata(0x4,0xFFFF,0x0)\HD(3,GPT,04BAB1F5-80F3-45F8-9C3C-1244A808331B,0x3A3A3800,0x3A36358F)
15:207  0:001          Result of bootcode detection: bootable Windows (vista,win)
15:207  0:000  - [09]: Volume: PciRoot(0x0)\Pci(0x1D,0x0)\Pci(0x0,0x0)\NVMe(0x1,65-18-03-20-48-B7-26-00)
15:207  0:000  - [10]: Volume: PciRoot(0x0)\Pci(0x1D,0x0)\Pci(0x0,0x0)\NVMe(0x1,65-18-03-20-48-B7-26-00)\HD(1,GPT,3D9C30C5-766C-432C-92DB-580E71308FA1,0x800,0x96000)
15:207  0:000          Result of bootcode detection: bootable Windows (vista,win)
15:207  0:000          This is SelfVolume !!
15:207  0:000  - [11]: Volume: PciRoot(0x0)\Pci(0x1D,0x0)\Pci(0x0,0x0)\NVMe(0x1,65-18-03-20-48-B7-26-00)\HD(2,GPT,5F74D3BD-24CF-482B-9394-835277D40142,0x96800,0x8000)
15:207  0:000  - [12]: Volume: PciRoot(0x0)\Pci(0x1D,0x0)\Pci(0x0,0x0)\NVMe(0x1,65-18-03-20-48-B7-26-00)\HD(3,GPT,D24E1F80-4174-433F-8E7D-5CC6EA4B8B5B,0x9E800,0x23000800)
15:207  0:000          Result of bootcode detection: bootable Windows (vista,win)
15:207  0:000  - [13]: Volume: PciRoot(0x0)\Pci(0x1D,0x0)\Pci(0x0,0x0)\NVMe(0x1,65-18-03-20-48-B7-26-00)\HD(4,GPT,06254147-BAF3-4C05-801B-3C2E06EA7C39,0x2309F000,0x51627D8F)
15:208  0:000          Result of bootcode detection: bootable unknown (legacy)
15:208  0:000  - [14]: Volume: PciRoot(0x0)\Pci(0x14,0x0)\USB(0x5,0x0)\HD(3,GPT,A897566F-4970-4F5E-A689-FDA18EFF9541,0xD6800,0xFC4D5E0)\VenMedia(BE74FCF7-0B7C-49F3-9147-01F4042E6842,608D8519018D1F4D9C922AABA090FF7C)
15:208  0:000          USB volume
15:208  0:000  - [15]: Volume: PciRoot(0x0)\Pci(0x14,0x0)\USB(0x5,0x0)\HD(3,GPT,A897566F-4970-4F5E-A689-FDA18EFF9541,0xD6800,0xFC4D5E0)\VenMedia(BE74FCF7-0B7C-49F3-9147-01F4042E6842,C90036096EF4CC46A7FD05CAC19A1E8F)
15:208  0:000          USB volume
15:208  0:000  - [16]: Volume: PciRoot(0x0)\Pci(0x14,0x0)\USB(0x5,0x0)\HD(3,GPT,A897566F-4970-4F5E-A689-FDA18EFF9541,0xD6800,0xFC4D5E0)\VenMedia(BE74FCF7-0B7C-49F3-9147-01F4042E6842,A28C67EAE51A384992387CF55F93A9A6)
15:208  0:000          USB volume
15:208  0:000  - [17]: Volume: PciRoot(0x0)\Pci(0x14,0x0)\USB(0x5,0x0)\HD(3,GPT,A897566F-4970-4F5E-A689-FDA18EFF9541,0xD6800,0xFC4D5E0)\VenMedia(BE74FCF7-0B7C-49F3-9147-01F4042E6842,5FF0EAFA2F7E854BB039B4E2A846ABFA)
15:208  0:000          USB volume
15:208  0:000  - [18]: Volume: PciRoot(0x0)\Pci(0x14,0x0)\USB(0x5,0x0)\HD(4,GPT,44E1BA53-F80C-42DE-B498-64EE8B39B4E6,0xFD23DE0,0xDFCF4A8)\VenMedia(BE74FCF7-0B7C-49F3-9147-01F4042E6842,827FE17CC96A96479105C4ACB8D1D964)
15:208  0:000          USB volume
15:208  0:000  - [19]: Volume: PciRoot(0x0)\Pci(0x14,0x0)\USB(0x5,0x0)\HD(4,GPT,44E1BA53-F80C-42DE-B498-64EE8B39B4E6,0xFD23DE0,0xDFCF4A8)\VenMedia(BE74FCF7-0B7C-49F3-9147-01F4042E6842,561F8C4116B65846A3DC77D8FD96BF92)
15:208  0:000          USB volume
15:208  0:000  - [20]: Volume: PciRoot(0x0)\Pci(0x14,0x0)\USB(0x5,0x0)\HD(4,GPT,44E1BA53-F80C-42DE-B498-64EE8B39B4E6,0xFD23DE0,0xDFCF4A8)\VenMedia(BE74FCF7-0B7C-49F3-9147-01F4042E6842,DC00FC7A6450234FA1AF440917E1A30B)
15:208  0:000          USB volume
15:208  0:000  - [21]: Volume: PciRoot(0x0)\Pci(0x1D,0x0)\Pci(0x0,0x0)\NVMe(0x1,65-18-03-20-48-B7-26-00)\HD(4,GPT,06254147-BAF3-4C05-801B-3C2E06EA7C39,0x2309F000,0x51627D8F)\VenMedia(BE74FCF7-0B7C-49F3-9147-01F4042E6842,483EA8C595F4024E9962E54B5E09C4BC)
15:208  0:000  - [22]: Volume: PciRoot(0x0)\Pci(0x1D,0x0)\Pci(0x0,0x0)\NVMe(0x1,65-18-03-20-48-B7-26-00)\HD(4,GPT,06254147-BAF3-4C05-801B-3C2E06EA7C39,0x2309F000,0x51627D8F)\VenMedia(BE74FCF7-0B7C-49F3-9147-01F4042E6842,C4E29EB8EC327E30B0A253313CE03D86)
15:208  0:000  - [23]: Volume: PciRoot(0x0)\Pci(0x1D,0x0)\Pci(0x0,0x0)\NVMe(0x1,65-18-03-20-48-B7-26-00)\HD(4,GPT,06254147-BAF3-4C05-801B-3C2E06EA7C39,0x2309F000,0x51627D8F)\VenMedia(BE74FCF7-0B7C-49F3-9147-01F4042E6842,4B2446A89008C845992619215E28E9C3)
15:208  0:000  - [24]: Volume: PciRoot(0x0)\Pci(0x1D,0x0)\Pci(0x0,0x0)\NVMe(0x1,65-18-03-20-48-B7-26-00)\HD(4,GPT,06254147-BAF3-4C05-801B-3C2E06EA7C39,0x2309F000,0x51627D8F)\VenMedia(BE74FCF7-0B7C-49F3-9147-01F4042E6842,6DD90B087A39DC4ABAD10035B31D4FF5)
15:208  0:000  - [25]: Volume: PciRoot(0x0)\Pci(0x1D,0x0)\Pci(0x0,0x0)\NVMe(0x1,65-18-03-20-48-B7-26-00)\HD(4,GPT,06254147-BAF3-4C05-801B-3C2E06EA7C39,0x2309F000,0x51627D8F)\VenMedia(BE74FCF7-0B7C-49F3-9147-01F4042E6842,42D0811E278DEA4F857574D75BB9AC93)
15:209  0:000  found 2 handles with audio
15:209  0:000  No AudioIoDevice stored
15:209  0:000  no stored audio parameters
15:209  0:000  Found Audio Device Realtek ALC269 (Speaker) at index 0
15:209  0:000  Found Audio Device Realtek ALC269 (Headphones) at index 1
15:209  0:000  Found Audio Device Intel Kaby Lake HDMI (HDMI) at index 2
15:209  0:000  theme inited
15:209  0:000  Chosen theme Mojave
15:209  0:000  after NVRAM boot-args=darkwake=0 abm_firstpolldelay=16000 debug=0x100 nvda_drv=1 kext-dev-mode=1
15:210  0:000  === [ AddCustomEntries ] ==================================
15:210  0:000  Custom entry 0 Title:"Windows" Path:"\EFI\Microsoft\Boot\bootmgfw.efi" Options:"-s -h" Type:7 Flags:0x0 matching all volumes
15:210  0:000      Checking volume "EFI" (PciRoot(0x0)\Pci(0x14,0x0)\USB(0x5,0x0)\HD(1,GPT,E305BF1C-A6AB-4EBB-B7F2-391083E932A9,0x800,0x96000)) ... skipped because path does not exist
15:210  0:000      Checking volume "EFI" (PciRoot(0x0)\Pci(0x17,0x0)\Sata(0x4,0xFFFF,0x0)\HD(1,GPT,8416598B-CB17-46F4-B562-10A71931687C,0x800,0x1F4000)) ... skipped because path does not exist
15:211  0:001      Checking volume "Down" (PciRoot(0x0)\Pci(0x17,0x0)\Sata(0x4,0xFFFF,0x0)\HD(2,GPT,FB8E8CFF-08D4-44F6-A59B-82AC7FAF9B06,0x1F4800,0x3A1AF000)) ... skipped because path does not exist
15:211  0:000      Checking volume "Doc" (PciRoot(0x0)\Pci(0x17,0x0)\Sata(0x4,0xFFFF,0x0)\HD(3,GPT,04BAB1F5-80F3-45F8-9C3C-1244A808331B,0x3A3A3800,0x3A36358F)) ... skipped because path does not exist
15:211  0:000      Checking volume "EFI" (PciRoot(0x0)\Pci(0x1D,0x0)\Pci(0x0,0x0)\NVMe(0x1,65-18-03-20-48-B7-26-00)\HD(1,GPT,3D9C30C5-766C-432C-92DB-580E71308FA1,0x800,0x96000)) ... match!
15:212  0:001  Custom settings: <null string>.plist will  be applied
15:212  0:000      Checking volume "Windows" (PciRoot(0x0)\Pci(0x1D,0x0)\Pci(0x0,0x0)\NVMe(0x1,65-18-03-20-48-B7-26-00)\HD(3,GPT,D24E1F80-4174-433F-8E7D-5CC6EA4B8B5B,0x9E800,0x23000800)) ... skipped because path does not exist
15:212  0:000      Checking volume "Preboot" (PciRoot(0x0)\Pci(0x14,0x0)\USB(0x5,0x0)\HD(3,GPT,A897566F-4970-4F5E-A689-FDA18EFF9541,0xD6800,0xFC4D5E0)\VenMedia(BE74FCF7-0B7C-49F3-9147-01F4042E6842,608D8519018D1F4D9C922AABA090FF7C)) ... skipped because path does not exist
15:212  0:000      Checking volume "Sierra" (PciRoot(0x0)\Pci(0x14,0x0)\USB(0x5,0x0)\HD(3,GPT,A897566F-4970-4F5E-A689-FDA18EFF9541,0xD6800,0xFC4D5E0)\VenMedia(BE74FCF7-0B7C-49F3-9147-01F4042E6842,C90036096EF4CC46A7FD05CAC19A1E8F)) ... skipped because path does not exist
15:212  0:000      Checking volume "Recovery" (PciRoot(0x0)\Pci(0x14,0x0)\USB(0x5,0x0)\HD(3,GPT,A897566F-4970-4F5E-A689-FDA18EFF9541,0xD6800,0xFC4D5E0)\VenMedia(BE74FCF7-0B7C-49F3-9147-01F4042E6842,A28C67EAE51A384992387CF55F93A9A6)) ... skipped because path does not exist
15:212  0:000      Checking volume "VM" (PciRoot(0x0)\Pci(0x14,0x0)\USB(0x5,0x0)\HD(3,GPT,A897566F-4970-4F5E-A689-FDA18EFF9541,0xD6800,0xFC4D5E0)\VenMedia(BE74FCF7-0B7C-49F3-9147-01F4042E6842,5FF0EAFA2F7E854BB039B4E2A846ABFA)) ... skipped because path does not exist
15:212  0:000      Checking volume "Preboot" (PciRoot(0x0)\Pci(0x14,0x0)\USB(0x5,0x0)\HD(4,GPT,44E1BA53-F80C-42DE-B498-64EE8B39B4E6,0xFD23DE0,0xDFCF4A8)\VenMedia(BE74FCF7-0B7C-49F3-9147-01F4042E6842,827FE17CC96A96479105C4ACB8D1D964)) ... skipped because path does not exist
15:213  0:000      Checking volume "Highsierra" (PciRoot(0x0)\Pci(0x14,0x0)\USB(0x5,0x0)\HD(4,GPT,44E1BA53-F80C-42DE-B498-64EE8B39B4E6,0xFD23DE0,0xDFCF4A8)\VenMedia(BE74FCF7-0B7C-49F3-9147-01F4042E6842,561F8C4116B65846A3DC77D8FD96BF92)) ... skipped because path does not exist
15:214  0:000      Checking volume "Recovery" (PciRoot(0x0)\Pci(0x14,0x0)\USB(0x5,0x0)\HD(4,GPT,44E1BA53-F80C-42DE-B498-64EE8B39B4E6,0xFD23DE0,0xDFCF4A8)\VenMedia(BE74FCF7-0B7C-49F3-9147-01F4042E6842,DC00FC7A6450234FA1AF440917E1A30B)) ... skipped because path does not exist
15:214  0:000      Checking volume "Preboot" (PciRoot(0x0)\Pci(0x1D,0x0)\Pci(0x0,0x0)\NVMe(0x1,65-18-03-20-48-B7-26-00)\HD(4,GPT,06254147-BAF3-4C05-801B-3C2E06EA7C39,0x2309F000,0x51627D8F)\VenMedia(BE74FCF7-0B7C-49F3-9147-01F4042E6842,483EA8C595F4024E9962E54B5E09C4BC)) ... skipped because path does not exist
15:214  0:000      Checking volume "Catalina - pn" (PciRoot(0x0)\Pci(0x1D,0x0)\Pci(0x0,0x0)\NVMe(0x1,65-18-03-20-48-B7-26-00)\HD(4,GPT,06254147-BAF3-4C05-801B-3C2E06EA7C39,0x2309F000,0x51627D8F)\VenMedia(BE74FCF7-0B7C-49F3-9147-01F4042E6842,C4E29EB8EC327E30B0A253313CE03D86)) ... skipped because path does not exist
15:214  0:000      Checking volume "Recovery" (PciRoot(0x0)\Pci(0x1D,0x0)\Pci(0x0,0x0)\NVMe(0x1,65-18-03-20-48-B7-26-00)\HD(4,GPT,06254147-BAF3-4C05-801B-3C2E06EA7C39,0x2309F000,0x51627D8F)\VenMedia(BE74FCF7-0B7C-49F3-9147-01F4042E6842,4B2446A89008C845992619215E28E9C3)) ... skipped because path does not exist
15:214  0:000      Checking volume "VM" (PciRoot(0x0)\Pci(0x1D,0x0)\Pci(0x0,0x0)\NVMe(0x1,65-18-03-20-48-B7-26-00)\HD(4,GPT,06254147-BAF3-4C05-801B-3C2E06EA7C39,0x2309F000,0x51627D8F)\VenMedia(BE74FCF7-0B7C-49F3-9147-01F4042E6842,6DD90B087A39DC4ABAD10035B31D4FF5)) ... skipped because path does not exist
15:214  0:000      Checking volume "Catalina" (PciRoot(0x0)\Pci(0x1D,0x0)\Pci(0x0,0x0)\NVMe(0x1,65-18-03-20-48-B7-26-00)\HD(4,GPT,06254147-BAF3-4C05-801B-3C2E06EA7C39,0x2309F000,0x51627D8F)\VenMedia(BE74FCF7-0B7C-49F3-9147-01F4042E6842,42D0811E278DEA4F857574D75BB9AC93)) ... skipped because path does not exist
15:214  0:000  Custom entry 1 Title:"Recovery" Path:"\com.apple.recovery.boot\boot.efi" Type:10 Flags:0x2 matching all volumes
15:214  0:000      Checking volume "EFI" (PciRoot(0x0)\Pci(0x14,0x0)\USB(0x5,0x0)\HD(1,GPT,E305BF1C-A6AB-4EBB-B7F2-391083E932A9,0x800,0x96000)) ... skipped because path does not exist
15:214  0:000      Checking volume "EFI" (PciRoot(0x0)\Pci(0x17,0x0)\Sata(0x4,0xFFFF,0x0)\HD(1,GPT,8416598B-CB17-46F4-B562-10A71931687C,0x800,0x1F4000)) ... skipped because path does not exist
15:215  0:001      Checking volume "Down" (PciRoot(0x0)\Pci(0x17,0x0)\Sata(0x4,0xFFFF,0x0)\HD(2,GPT,FB8E8CFF-08D4-44F6-A59B-82AC7FAF9B06,0x1F4800,0x3A1AF000)) ... skipped because path does not exist
15:215  0:000      Checking volume "Doc" (PciRoot(0x0)\Pci(0x17,0x0)\Sata(0x4,0xFFFF,0x0)\HD(3,GPT,04BAB1F5-80F3-45F8-9C3C-1244A808331B,0x3A3A3800,0x3A36358F)) ... skipped because path does not exist
15:215  0:000      Checking volume "EFI" (PciRoot(0x0)\Pci(0x1D,0x0)\Pci(0x0,0x0)\NVMe(0x1,65-18-03-20-48-B7-26-00)\HD(1,GPT,3D9C30C5-766C-432C-92DB-580E71308FA1,0x800,0x96000)) ... skipped because path does not exist
15:215  0:000      Checking volume "Windows" (PciRoot(0x0)\Pci(0x1D,0x0)\Pci(0x0,0x0)\NVMe(0x1,65-18-03-20-48-B7-26-00)\HD(3,GPT,D24E1F80-4174-433F-8E7D-5CC6EA4B8B5B,0x9E800,0x23000800)) ... skipped because path does not exist
15:215  0:000      Checking volume "Preboot" (PciRoot(0x0)\Pci(0x14,0x0)\USB(0x5,0x0)\HD(3,GPT,A897566F-4970-4F5E-A689-FDA18EFF9541,0xD6800,0xFC4D5E0)\VenMedia(BE74FCF7-0B7C-49F3-9147-01F4042E6842,608D8519018D1F4D9C922AABA090FF7C)) ... skipped because path does not exist
15:215  0:000      Checking volume "Sierra" (PciRoot(0x0)\Pci(0x14,0x0)\USB(0x5,0x0)\HD(3,GPT,A897566F-4970-4F5E-A689-FDA18EFF9541,0xD6800,0xFC4D5E0)\VenMedia(BE74FCF7-0B7C-49F3-9147-01F4042E6842,C90036096EF4CC46A7FD05CAC19A1E8F)) ... skipped because path does not exist
15:215  0:000      Checking volume "Recovery" (PciRoot(0x0)\Pci(0x14,0x0)\USB(0x5,0x0)\HD(3,GPT,A897566F-4970-4F5E-A689-FDA18EFF9541,0xD6800,0xFC4D5E0)\VenMedia(BE74FCF7-0B7C-49F3-9147-01F4042E6842,A28C67EAE51A384992387CF55F93A9A6)) ... skipped because path does not exist
15:215  0:000      Checking volume "VM" (PciRoot(0x0)\Pci(0x14,0x0)\USB(0x5,0x0)\HD(3,GPT,A897566F-4970-4F5E-A689-FDA18EFF9541,0xD6800,0xFC4D5E0)\VenMedia(BE74FCF7-0B7C-49F3-9147-01F4042E6842,5FF0EAFA2F7E854BB039B4E2A846ABFA)) ... skipped because path does not exist
15:215  0:000      Checking volume "Preboot" (PciRoot(0x0)\Pci(0x14,0x0)\USB(0x5,0x0)\HD(4,GPT,44E1BA53-F80C-42DE-B498-64EE8B39B4E6,0xFD23DE0,0xDFCF4A8)\VenMedia(BE74FCF7-0B7C-49F3-9147-01F4042E6842,827FE17CC96A96479105C4ACB8D1D964)) ... skipped because path does not exist
15:216  0:000      Checking volume "Highsierra" (PciRoot(0x0)\Pci(0x14,0x0)\USB(0x5,0x0)\HD(4,GPT,44E1BA53-F80C-42DE-B498-64EE8B39B4E6,0xFD23DE0,0xDFCF4A8)\VenMedia(BE74FCF7-0B7C-49F3-9147-01F4042E6842,561F8C4116B65846A3DC77D8FD96BF92)) ... skipped because path does not exist
15:217  0:000      Checking volume "Recovery" (PciRoot(0x0)\Pci(0x14,0x0)\USB(0x5,0x0)\HD(4,GPT,44E1BA53-F80C-42DE-B498-64EE8B39B4E6,0xFD23DE0,0xDFCF4A8)\VenMedia(BE74FCF7-0B7C-49F3-9147-01F4042E6842,DC00FC7A6450234FA1AF440917E1A30B)) ... skipped because path does not exist
15:217  0:000      Checking volume "Preboot" (PciRoot(0x0)\Pci(0x1D,0x0)\Pci(0x0,0x0)\NVMe(0x1,65-18-03-20-48-B7-26-00)\HD(4,GPT,06254147-BAF3-4C05-801B-3C2E06EA7C39,0x2309F000,0x51627D8F)\VenMedia(BE74FCF7-0B7C-49F3-9147-01F4042E6842,483EA8C595F4024E9962E54B5E09C4BC)) ... skipped because path does not exist
15:217  0:000      Checking volume "Catalina - pn" (PciRoot(0x0)\Pci(0x1D,0x0)\Pci(0x0,0x0)\NVMe(0x1,65-18-03-20-48-B7-26-00)\HD(4,GPT,06254147-BAF3-4C05-801B-3C2E06EA7C39,0x2309F000,0x51627D8F)\VenMedia(BE74FCF7-0B7C-49F3-9147-01F4042E6842,C4E29EB8EC327E30B0A253313CE03D86)) ... skipped because path does not exist
15:217  0:000      Checking volume "Recovery" (PciRoot(0x0)\Pci(0x1D,0x0)\Pci(0x0,0x0)\NVMe(0x1,65-18-03-20-48-B7-26-00)\HD(4,GPT,06254147-BAF3-4C05-801B-3C2E06EA7C39,0x2309F000,0x51627D8F)\VenMedia(BE74FCF7-0B7C-49F3-9147-01F4042E6842,4B2446A89008C845992619215E28E9C3)) ... skipped because path does not exist
15:217  0:000      Checking volume "VM" (PciRoot(0x0)\Pci(0x1D,0x0)\Pci(0x0,0x0)\NVMe(0x1,65-18-03-20-48-B7-26-00)\HD(4,GPT,06254147-BAF3-4C05-801B-3C2E06EA7C39,0x2309F000,0x51627D8F)\VenMedia(BE74FCF7-0B7C-49F3-9147-01F4042E6842,6DD90B087A39DC4ABAD10035B31D4FF5)) ... skipped because path does not exist
15:217  0:000      Checking volume "Catalina" (PciRoot(0x0)\Pci(0x1D,0x0)\Pci(0x0,0x0)\NVMe(0x1,65-18-03-20-48-B7-26-00)\HD(4,GPT,06254147-BAF3-4C05-801B-3C2E06EA7C39,0x2309F000,0x51627D8F)\VenMedia(BE74FCF7-0B7C-49F3-9147-01F4042E6842,42D0811E278DEA4F857574D75BB9AC93)) ... skipped because path does not exist
15:217  0:000  === [ ScanLoader ] ========================================
15:217  0:000  - [01]: 'EFI'
15:239  0:021  - [06]: 'EFI'
15:317  0:078  - [07]: 'Down'
15:349  0:031  - [08]: 'Doc'
15:370  0:021  - [10]: 'EFI'
15:371  0:000          AddLoaderEntry for Volume Name=EFI
15:371  0:000       skipped because path `PciRoot(0x0)\Pci(0x1D,0x0)\Pci(0x0,0x0)\NVMe(0x1,65-18-03-20-48-B7-26-00)\HD(1,GPT,3D9C30C5-766C-432C-92DB-580E71308FA1,0x800,0x96000)\EFI\microsoft\Boot\bootmgfw.efii` already exists for another entry!
15:393  0:022          AddLoaderEntry for Volume Name=EFI
15:395  0:001  - [12]: 'Windows'
15:416  0:020  - [14]: 'Preboot'
15:425  0:009          AddLoaderEntry for Volume Name=Preboot
15:433  0:007      hibernated: set as never
15:434  0:001          AddLoaderEntry for Volume Name=Preboot
15:459  0:025  - [15]: 'Sierra'
15:460  0:000          AddLoaderEntry for Volume Name=Sierra
15:463  0:003      hibernated: set as never
15:484  0:021  - [16]: 'Recovery'
15:484  0:000          AddLoaderEntry for Volume Name=Recovery
15:509  0:024  - [17]: 'VM'
15:529  0:019  - [18]: 'Preboot'
15:571  0:042          AddLoaderEntry for Volume Name=Preboot
15:680  0:109  - [19]: 'Highsierra'
15:691  0:011          AddLoaderEntry for Volume Name=Highsierra
15:776  0:084  - [20]: 'Recovery'
15:796  0:020  - [21]: 'Preboot'
15:797  0:000          AddLoaderEntry for Volume Name=Preboot
15:799  0:001      hibernated: set as never
15:820  0:021  - [22]: 'Catalina - pn'
15:840  0:020  - [23]: 'Recovery'
15:840  0:000          AddLoaderEntry for Volume Name=Recovery
15:861  0:021  - [24]: 'VM'
15:881  0:019  - [25]: 'Catalina'
15:882  0:000          AddLoaderEntry for Volume Name=Catalina
15:882  0:000      hibernated: set as never
15:903  0:020  === [ AddCustomTool ] =====================================
15:903  0:000  Checking EFI partition Volume 1 for Clover
15:903  0:000  Checking EFI partition Volume 6 for Clover
15:905  0:002  Checking EFI partition Volume 10 for Clover
15:905  0:000   Found Clover
15:905  0:000  EmuVariable UninstallEmulation: CloseEvent = Invalid Parameter, original var services restored
15:905  0:000  EmuVariable InstallEmulation: orig vars copied, emu.var.services installed, CreateEvent VirtualAddressChange = Success, CreateEvent ExitBootServices = Success, set Status=Success
15:937  0:031  === [ GetEfiBootDeviceFromNvram ] =========================
15:937  0:000  === [ FindStartupDiskVolume ] =============================
15:937  0:000    - Volume: partition = PciRoot(0x0)\Pci(0x1D,0x0)\Pci(0x0,0x0)\NVMe(0x1,65-18-03-20-48-B7-26-00)\HD(1,GPT,3D9C30C5-766C-432C-92DB-580E71308FA1,0x800,0x96000)
15:937  0:000     - searching for that partition and loader '\EFI\microsoft\Boot\bootmgfw.efi'
15:937  0:000      - found entry 0. 'Boot Windows from EFI', Volume 'EFI', '\EFI\Microsoft\Boot\bootmgfw.efi'
15:937  0:000  Boot redirected to Entry 0. 'Boot Windows from EFI'
15:937  0:000  EmuVariable UninstallEmulation: CloseEvent = Success, original var services restored
15:937  0:000  DefaultIndex=0 and MainMenu.EntryCount=16
36:939  21:001   boot with args: darkwake=0 abm_firstpolldelay=16000 debug=0x100 nvda_drv=1 kext-dev-mode=1 -v  nv_disable=1 kextlog=0xffff
64:653  27:714   boot with args: darkwake=0 abm_firstpolldelay=16000 debug=0x100 nvda_drv=1 kext-dev-mode=1 -v  nv_disable=1 kextlog=0xffff
64:653  0:000  exit from MainMenu 3
64:654  0:000  BootVariable of the entry is empty
64:654  0:000  === [ StartLoader ] =======================================
64:654  0:000  Finally: ExternalClock=26MHz BusSpeed=100378kHz CPUFreq=2208MHz PIS: hw.busfrequency=104000000Hz
64:654  0:000  Loading boot.efi  status=Success
64:688  0:034  GetOSVersion: 10.13.6 (17G65)
64:688  0:000  CSR_CFG: CSR_ALLOW_UNTRUSTED_KEXTS | CSR_ALLOW_UNRESTRICTED_FS | CSR_ALLOW_TASK_FOR_PID | CSR_ALLOW_UNRESTRICTED_DTRACE | CSR_ALLOW_UNRESTRICTED_NVRAM
64:688  0:000  Filtering KextPatches:
64:688  0:000   - [00]: IOBufferCopyController (disable IOBufferCopyController (Credit by DalianSky)) :: PlistPatch :: [OS: 10.13.6 | MatchOS: All | MatchBuild: All] ==> allowed
64:688  0:000   - [01]: AppleIntelLpssI2C (Disable AppleIntelLpssI2C (credit by Coolstar)) :: PlistPatch :: [OS: 10.13.6 | MatchOS: All | MatchBuild: All] ==> allowed
64:688  0:000   - [02]: AppleIntelLpssI2CController (Disable AppleIntelLpssI2CCOntroller (credit by Coolstar)) :: PlistPatch :: [OS: 10.13.6 | MatchOS: All | MatchBuild: All] ==> allowed
64:688  0:000   - [03]: com.apple.driver.AppleBacklight (AppleBacklightInjector.kext (credit RehabMan)) :: BinPatch :: [OS: 10.13.6 | MatchOS: All | MatchBuild: All] ==> allowed
64:688  0:000   - [04]: com.apple.iokit.IOAHCIBlockStorage (Enable TRIM for SSD) :: BinPatch :: [OS: 10.13.6 | MatchOS: All | MatchBuild: All] ==> allowed
64:688  0:000   - [05]: com.apple.driver.usb.AppleUSBXHCI (disable port limit in XHCI kext (credit RehabMan, based prior PMHeart patch)) :: BinPatch :: [OS: 10.13.6 | MatchOS: 10.13.6 | MatchBuild: All] ==> allowed
64:688  0:000  Filtering KernelPatches:
64:688  0:000   - [00]: MSR 0xE2 _xcpm_idle instant reboot(c) Pike R. Alpha :: [OS: 10.13.6 | MatchOS: All | MatchBuild: no] ==> allowed by OS
64:688  0:000   - [01]: Disable panic kext logging on 10.13 release kernel (credit vit9696) :: [OS: 10.13.6 | MatchOS: 10.13.x | MatchBuild: no] ==> allowed by OS
64:688  0:000   - [02]: Disable panic kext logging on 10.14 release kernel (credit vit9696) :: [OS: 10.13.6 | MatchOS: 10.14.x | MatchBuild: no] ==> not allowed by OS
64:688  0:000  Will not patch boot.efi
64:688  0:000  EmuVariable InstallEmulation: orig vars copied, emu.var.services installed, CreateEvent VirtualAddressChange = Success, CreateEvent ExitBootServices = Success, set Status=Success
64:720  0:032  === [ PatchSmbios ] =======================================
64:720  0:000  insert table 9 for dev 0:0
64:720  0:000  insert table 9 for dev 0:1
64:720  0:000  insert table 9 for dev 14:3
64:720  0:000  Table 11 present, but rewritten for us
64:721  0:000  Trusting SMBIOS...
64:721  0:000  Detected alternating SMBIOS channel banks
64:721  0:000  Channels: 2
64:721  0:000  Interleave: 0 2 1 3 4 6 5 7 8 10 9 11 12 14 13 15 16 18 17 19 20 22 21 23
64:721  0:000   partNum=9905624-019.A00G    
64:721  0:000  SMBIOS Type 17 Index = 0 => 0 0:
64:721  0:000  BANK 0 DIMM0 2400MHz 8192MB(Ext:0MB)
64:721  0:000   partNum=9905700-011.A00G    
64:721  0:000  SMBIOS Type 17 Index = 1 => 1 2:
64:721  0:000  BANK 1 DIMM0 2400MHz 8192MB(Ext:0MB)
64:721  0:000  mTotalSystemMemory = 16384
64:721  0:000  NumberOfMemoryDevices = 2
64:721  0:000  Type20[0]->End = 0x7FFFFF, Type17[0] = 0x2000
64:721  0:000  Type20[1]->End = 0xFFFFFF, Type17[1] = 0x6000
64:721  0:000  Table 131 is present, CPUType=31
64:721  0:000  Change to: 709
64:721  0:000  === [ PatchACPI ] =========================================
64:721  0:000  Xsdt reallocation done
64:721  0:000  old FADT length=114
64:721  0:000   SignatureFixup: 0xFAF269AF -> 0x0
64:722  0:000  Apply DsdtFixMask=0x00067051
64:722  0:000     drop _DSM mask=0x0000
64:722  0:000  === [ FixBiosDsdt ] =======================================
64:723  0:000  Patching DSDT:
64:723  0:000   - [SSDT: change _OSI to XOSI]: pattern 5F4F5349, patched at: [ (8EBF) (37C7C) (3) (11) (18) (1C) (1C) (1A) (18) (18) (18) (18) ]
64:723  0:000   - [Audio: change HDAS to HDEF]: pattern 48444153, patched at: [ (308) (12) (12) (CC2C) (76) (3F) (66) (A7) (DB) (89) (1E6EB) (8FCC) (D2B7) (163B) ]
64:724  0:000   - [IGPU: change HECI to IMEI]: pattern 48454349, patched at: [ (11713) (30496) (1C10) ]
64:724  0:000   - [IGPU: change MEI to IMEI]: pattern 4D45495F, bin not found / already patched!
64:725  0:000   - [IGPU: change GFX0 to IGPU]: pattern 47465830, patched at: [ (51) (E) (12) (12) (12) (5E) (12) (9B) (12) (1F) (765) (12) (30AA) (4DD2) (B) (84F) (2D815) (14) (91) (13) (10BF) (72) (2D) (7A) (2D) (279) (FA) (145B) (412A) (453C) (17E6) ]
64:725  0:000   - [Battery: change ECXP to XCXP]: pattern 45435850, bin not found / already patched!
64:726  0:000   - [Battery: change _BIF to XBIF]: disabled
64:726  0:000   - [Battery: change _BST to XBST]: disabled
64:726  0:000   - [Battery: change ECBE to XCBE]: pattern 45434245, bin not found / already patched!
64:726  0:000   - [Instant Wake: change GPRW to XPRW]: pattern 47505257, patched at: [ (414D9) ]
64:727  0:000   - [I2C: change USTP, 8 to XSTP, 8]: pattern 55535450, patched at: [ (14BC) ]
64:727  0:000   - [I2C: change SBFI to SBFS]: - [I2C: change return value to SBFS]: - [Fn: change _Q14 to XQ14]: pattern 5F513134, patched at: [ (37BC8) ]
64:732  0:004   - [Fn: change _Q15 to XQ15]: pattern 5F513135, patched at: [ (37BFA) ]
64:732  0:000   - [RTC: change _STA to XSTA]:  0 replacements
64:737  0:004  CMOS reset not will be, patch length is not needed
64:737  0:000  found RTC had IRQNoFlag will move -3 bytes
64:740  0:002  found PIC had IRQNoFlag will move -3 bytes
64:740  0:000  Start HPET Fix
64:743  0:002  patch LAN0 in DSDT 
64:750  0:006  PreCleanup XSDT: count=23, length=220
64:750  0:000  PreCleanup XSDT, corrected XSDT: count=23, length=220
64:750  0:000  === [ ACPIPatchedAML ] ====================================
64:750  0:000  AutoMerge pass 1
64:750  0:000  Sorted
64:750  0:000  Inserting table[0]:SSDT-PNLF_CoffeeLake.aml from EFI\CLOVER\ACPI\patched: ignore on pass 1
64:750  0:000  Inserting table[1]:SSDT-THUNDERBOLT.aml from EFI\CLOVER\ACPI\patched: ignore on pass 1
64:750  0:000  Inserting table[2]:SSDT-BATT.aml from EFI\CLOVER\ACPI\patched: ignore on pass 1
64:750  0:000  Inserting table[3]:SSDT-GPRW.aml from EFI\CLOVER\ACPI\patched: ignore on pass 1
64:750  0:000  Inserting table[4]:SSDT-ALS0.aml from EFI\CLOVER\ACPI\patched: ignore on pass 1
64:750  0:000  Inserting table[5]:SSDT-XOSI.aml from EFI\CLOVER\ACPI\patched: ignore on pass 1
64:750  0:000  Inserting table[6]:SSDT-FN.aml from EFI\CLOVER\ACPI\patched: ignore on pass 1
64:750  0:000  Inserting table[7]:SSDT-USTP.aml from EFI\CLOVER\ACPI\patched: ignore on pass 1
64:750  0:000  === [ ACPIDropTables ] ====================================
64:750  0:000  Patching SSDT SataTabl Length=820
64:750  0:000  0. [SSDT: change _OSI to XOSI]: pattern 5F4F5349, bin not found / already patched!
64:750  0:000  1. [Audio: change HDAS to HDEF]: pattern 48444153, bin not found / already patched!
64:750  0:000  2. [IGPU: change HECI to IMEI]: pattern 48454349, bin not found / already patched!
64:750  0:000  3. [IGPU: change MEI to IMEI]: pattern 4D45495F, bin not found / already patched!
64:750  0:000  4. [IGPU: change GFX0 to IGPU]: pattern 47465830, bin not found / already patched!
64:750  0:000  5. [Battery: change ECXP to XCXP]: pattern 45435850, bin not found / already patched!
64:750  0:000  6. [Battery: change _BIF to XBIF]: disabled
64:750  0:000  7. [Battery: change _BST to XBST]: disabled
64:750  0:000  8. [Battery: change ECBE to XCBE]: pattern 45434245, bin not found / already patched!
64:750  0:000  9. [Instant Wake: change GPRW to XPRW]: pattern 47505257, bin not found / already patched!
64:750  0:000  10. [I2C: change USTP, 8 to XSTP, 8]: pattern 55535450, bin not found / already patched!
64:750  0:000  11. [I2C: change SBFI to SBFS]: pattern 8B534246, bin not found / already patched!
64:750  0:000  12. [I2C: change return value to SBFS]: pattern 84534246, bin not found / already patched!
64:750  0:000  13. [Fn: change _Q14 to XQ14]: pattern 5F513134, bin not found / already patched!
64:750  0:000  14. [Fn: change _Q15 to XQ15]: pattern 5F513135, bin not found / already patched!
64:750  0:000  15. [RTC: change _STA to XSTA]: pattern 5F535441, bin not found / already patched!
64:750  0:000    0 replacements
64:750  0:000  Patching SSDT CpuSsdt Length=6101
64:750  0:000  0. [SSDT: change _OSI to XOSI]: pattern 5F4F5349, bin not found / already patched!
64:750  0:000  1. [Audio: change HDAS to HDEF]: pattern 48444153, bin not found / already patched!
64:750  0:000  2. [IGPU: change HECI to IMEI]: pattern 48454349, bin not found / already patched!
64:750  0:000  3. [IGPU: change MEI to IMEI]: pattern 4D45495F, bin not found / already patched!
64:750  0:000  4. [IGPU: change GFX0 to IGPU]: pattern 47465830, bin not found / already patched!
64:750  0:000  5. [Battery: change ECXP to XCXP]: pattern 45435850, bin not found / already patched!
64:750  0:000  6. [Battery: change _BIF to XBIF]: disabled
64:750  0:000  7. [Battery: change _BST to XBST]: disabled
64:750  0:000  8. [Battery: change ECBE to XCBE]: pattern 45434245, bin not found / already patched!
64:750  0:000  9. [Instant Wake: change GPRW to XPRW]: pattern 47505257, bin not found / already patched!
64:750  0:000  10. [I2C: change USTP, 8 to XSTP, 8]: pattern 55535450, bin not found / already patched!
64:750  0:000  11. [I2C: change SBFI to SBFS]: pattern 8B534246, bin not found / already patched!
64:750  0:000  12. [I2C: change return value to SBFS]: pattern 84534246, bin not found / already patched!
64:750  0:000  13. [Fn: change _Q14 to XQ14]: pattern 5F513134, bin not found / already patched!
64:750  0:000  14. [Fn: change _Q15 to XQ15]: pattern 5F513135, bin not found / already patched!
64:750  0:000  15. [RTC: change _STA to XSTA]: pattern 5F535441, bin not found / already patched!
64:750  0:000    0 replacements
64:750  0:000  Found OperationRegion(PNVS, SystemMemory, 7ADBB000, ...)
64:750  0:000  Patching SSDT SaSsdt  Length=6302
64:750  0:000  0. [SSDT: change _OSI to XOSI]: pattern 5F4F5349, bin not found / already patched!
64:750  0:000  1. [Audio: change HDAS to HDEF]: pattern 48444153, bin not found / already patched!
64:750  0:000  2. [IGPU: change HECI to IMEI]: pattern 48454349, bin not found / already patched!
64:750  0:000  3. [IGPU: change MEI to IMEI]: pattern 4D45495F, bin not found / already patched!
64:750  0:000  4. [IGPU: change GFX0 to IGPU]: pattern 47465830, patched at: [ (2D) (119) (2C1) (C95) (1D) (735) ]
64:750  0:000  5. [Battery: change ECXP to XCXP]: pattern 45435850, bin not found / already patched!
64:750  0:000  6. [Battery: change _BIF to XBIF]: disabled
64:750  0:000  7. [Battery: change _BST to XBST]: disabled
64:750  0:000  8. [Battery: change ECBE to XCBE]: pattern 45434245, bin not found / already patched!
64:750  0:000  9. [Instant Wake: change GPRW to XPRW]: pattern 47505257, bin not found / already patched!
64:750  0:000  10. [I2C: change USTP, 8 to XSTP, 8]: pattern 55535450, bin not found / already patched!
64:751  0:000  11. [I2C: change SBFI to SBFS]: pattern 8B534246, bin not found / already patched!
64:751  0:000  12. [I2C: change return value to SBFS]: pattern 84534246, bin not found / already patched!
64:751  0:000  13. [Fn: change _Q14 to XQ14]: pattern 5F513134, bin not found / already patched!
64:751  0:000  14. [Fn: change _Q15 to XQ15]: pattern 5F513135, bin not found / already patched!
64:751  0:000  15. [RTC: change _STA to XSTA]: pattern 5F535441, patched at: [ (1817) ]
64:751  0:000    0 replacements
64:751  0:000  Found OperationRegion(SANV, SystemMemory, 7A0D7118, ...)
64:751  0:000  Patching SSDT PegSsdt Length=8348
64:751  0:000  0. [SSDT: change _OSI to XOSI]: pattern 5F4F5349, bin not found / already patched!
64:751  0:000  1. [Audio: change HDAS to HDEF]: pattern 48444153, bin not found / already patched!
64:751  0:000  2. [IGPU: change HECI to IMEI]: pattern 48454349, bin not found / already patched!
64:751  0:000  3. [IGPU: change MEI to IMEI]: pattern 4D45495F, bin not found / already patched!
64:751  0:000  4. [IGPU: change GFX0 to IGPU]: pattern 47465830, bin not found / already patched!
64:751  0:000  5. [Battery: change ECXP to XCXP]: pattern 45435850, bin not found / already patched!
64:751  0:000  6. [Battery: change _BIF to XBIF]: disabled
64:751  0:000  7. [Battery: change _BST to XBST]: disabled
64:751  0:000  8. [Battery: change ECBE to XCBE]: pattern 45434245, bin not found / already patched!
64:751  0:000  9. [Instant Wake: change GPRW to XPRW]: pattern 47505257, bin not found / already patched!
64:751  0:000  10. [I2C: change USTP, 8 to XSTP, 8]: pattern 55535450, bin not found / already patched!
64:751  0:000  11. [I2C: change SBFI to SBFS]: pattern 8B534246, bin not found / already patched!
64:751  0:000  12. [I2C: change return value to SBFS]: pattern 84534246, bin not found / already patched!
64:751  0:000  13. [Fn: change _Q14 to XQ14]: pattern 5F513134, bin not found / already patched!
64:751  0:000  14. [Fn: change _Q15 to XQ15]: pattern 5F513135, bin not found / already patched!
64:751  0:000  15. [RTC: change _STA to XSTA]: pattern 5F535441, bin not found / already patched!
64:751  0:000    0 replacements
64:751  0:000  Patching SSDT PerfTune Length=1418
64:751  0:000  0. [SSDT: change _OSI to XOSI]: pattern 5F4F5349, bin not found / already patched!
64:751  0:000  1. [Audio: change HDAS to HDEF]: pattern 48444153, bin not found / already patched!
64:751  0:000  2. [IGPU: change HECI to IMEI]: pattern 48454349, bin not found / already patched!
64:751  0:000  3. [IGPU: change MEI to IMEI]: pattern 4D45495F, bin not found / already patched!
64:751  0:000  4. [IGPU: change GFX0 to IGPU]: pattern 47465830, bin not found / already patched!
64:751  0:000  5. [Battery: change ECXP to XCXP]: pattern 45435850, bin not found / already patched!
64:751  0:000  6. [Battery: change _BIF to XBIF]: disabled
64:751  0:000  7. [Battery: change _BST to XBST]: disabled
64:751  0:000  8. [Battery: change ECBE to XCBE]: pattern 45434245, bin not found / already patched!
64:751  0:000  9. [Instant Wake: change GPRW to XPRW]: pattern 47505257, bin not found / already patched!
64:751  0:000  10. [I2C: change USTP, 8 to XSTP, 8]: pattern 55535450, bin not found / already patched!
64:751  0:000  11. [I2C: change SBFI to SBFS]: pattern 8B534246, bin not found / already patched!
64:751  0:000  12. [I2C: change return value to SBFS]: pattern 84534246, bin not found / already patched!
64:751  0:000  13. [Fn: change _Q14 to XQ14]: pattern 5F513134, bin not found / already patched!
64:751  0:000  14. [Fn: change _Q15 to XQ15]: pattern 5F513135, bin not found / already patched!
64:751  0:000  15. [RTC: change _STA to XSTA]: pattern 5F535441, bin not found / already patched!
64:751  0:000    0 replacements
64:751  0:000  Patching SSDT PtidDevc Length=6696
64:751  0:000  0. [SSDT: change _OSI to XOSI]: pattern 5F4F5349, bin not found / already patched!
64:751  0:000  1. [Audio: change HDAS to HDEF]: pattern 48444153, bin not found / already patched!
64:751  0:000  2. [IGPU: change HECI to IMEI]: pattern 48454349, bin not found / already patched!
64:751  0:000  3. [IGPU: change MEI to IMEI]: pattern 4D45495F, bin not found / already patched!
64:751  0:000  4. [IGPU: change GFX0 to IGPU]: pattern 47465830, bin not found / already patched!
64:751  0:000  5. [Battery: change ECXP to XCXP]: pattern 45435850, bin not found / already patched!
64:751  0:000  6. [Battery: change _BIF to XBIF]: disabled
64:751  0:000  7. [Battery: change _BST to XBST]: disabled
64:751  0:000  8. [Battery: change ECBE to XCBE]: pattern 45434245, bin not found / already patched!
64:751  0:000  9. [Instant Wake: change GPRW to XPRW]: pattern 47505257, bin not found / already patched!
64:751  0:000  10. [I2C: change USTP, 8 to XSTP, 8]: pattern 55535450, bin not found / already patched!
64:751  0:000  11. [I2C: change SBFI to SBFS]: pattern 8B534246, bin not found / already patched!
64:751  0:000  12. [I2C: change return value to SBFS]: pattern 84534246, bin not found / already patched!
64:751  0:000  13. [Fn: change _Q14 to XQ14]: pattern 5F513134, bin not found / already patched!
64:751  0:000  14. [Fn: change _Q15 to XQ15]: pattern 5F513135, bin not found / already patched!
64:751  0:000  15. [RTC: change _STA to XSTA]: pattern 5F535441, patched at: [ (584) ]
64:751  0:000    0 replacements
64:751  0:000  Patching SSDT TbtTypeC Length=4094
64:751  0:000  0. [SSDT: change _OSI to XOSI]: pattern 5F4F5349, bin not found / already patched!
64:751  0:000  1. [Audio: change HDAS to HDEF]: pattern 48444153, bin not found / already patched!
64:751  0:000  2. [IGPU: change HECI to IMEI]: pattern 48454349, bin not found / already patched!
64:751  0:000  3. [IGPU: change MEI to IMEI]: pattern 4D45495F, bin not found / already patched!
64:751  0:000  4. [IGPU: change GFX0 to IGPU]: pattern 47465830, bin not found / already patched!
64:751  0:000  5. [Battery: change ECXP to XCXP]: pattern 45435850, bin not found / already patched!
64:751  0:000  6. [Battery: change _BIF to XBIF]: disabled
64:751  0:000  7. [Battery: change _BST to XBST]: disabled
64:751  0:000  8. [Battery: change ECBE to XCBE]: pattern 45434245, bin not found / already patched!
64:751  0:000  9. [Instant Wake: change GPRW to XPRW]: pattern 47505257, bin not found / already patched!
64:751  0:000  10. [I2C: change USTP, 8 to XSTP, 8]: pattern 55535450, bin not found / already patched!
64:751  0:000  11. [I2C: change SBFI to SBFS]: pattern 8B534246, bin not found / already patched!
64:751  0:000  12. [I2C: change return value to SBFS]: pattern 84534246, bin not found / already patched!
64:751  0:000  13. [Fn: change _Q14 to XQ14]: pattern 5F513134, bin not found / already patched!
64:751  0:000  14. [Fn: change _Q15 to XQ15]: pattern 5F513135, bin not found / already patched!
64:751  0:000  15. [RTC: change _STA to XSTA]: pattern 5F535441, bin not found / already patched!
64:751  0:000    0 replacements
64:751  0:000  Patching SSDT SgPeg Length=174
64:751  0:000  0. [SSDT: change _OSI to XOSI]: pattern 5F4F5349, bin not found / already patched!
64:751  0:000  1. [Audio: change HDAS to HDEF]: pattern 48444153, bin not found / already patched!
64:751  0:000  2. [IGPU: change HECI to IMEI]: pattern 48454349, bin not found / already patched!
64:751  0:000  3. [IGPU: change MEI to IMEI]: pattern 4D45495F, bin not found / already patched!
64:751  0:000  4. [IGPU: change GFX0 to IGPU]: pattern 47465830, bin not found / already patched!
64:751  0:000  5. [Battery: change ECXP to XCXP]: pattern 45435850, bin not found / already patched!
64:751  0:000  6. [Battery: change _BIF to XBIF]: disabled
64:751  0:000  7. [Battery: change _BST to XBST]: disabled
64:751  0:000  8. [Battery: change ECBE to XCBE]: pattern 45434245, bin not found / already patched!
64:751  0:000  9. [Instant Wake: change GPRW to XPRW]: pattern 47505257, bin not found / already patched!
64:751  0:000  10. [I2C: change USTP, 8 to XSTP, 8]: pattern 55535450, bin not found / already patched!
64:751  0:000  11. [I2C: change SBFI to SBFS]: pattern 8B534246, bin not found / already patched!
64:751  0:000  12. [I2C: change return value to SBFS]: pattern 84534246, bin not found / already patched!
64:751  0:000  13. [Fn: change _Q14 to XQ14]: pattern 5F513134, bin not found / already patched!
64:751  0:000  14. [Fn: change _Q15 to XQ15]: pattern 5F513135, bin not found / already patched!
64:751  0:000  15. [RTC: change _STA to XSTA]: pattern 5F535441, bin not found / already patched!
64:751  0:000    0 replacements
64:751  0:000  Patching SSDT OptTabl Length=7901
64:751  0:000  0. [SSDT: change _OSI to XOSI]: pattern 5F4F5349, patched at: [ (1635) ]
64:751  0:000  1. [Audio: change HDAS to HDEF]: pattern 48444153, bin not found / already patched!
64:751  0:000  2. [IGPU: change HECI to IMEI]: pattern 48454349, bin not found / already patched!
64:752  0:000  3. [IGPU: change MEI to IMEI]: pattern 4D45495F, bin not found / already patched!
64:752  0:000  4. [IGPU: change GFX0 to IGPU]: pattern 47465830, patched at: [ (55) (28) (772) (91) (53D) (10C9) (11) ]
64:752  0:000  5. [Battery: change ECXP to XCXP]: pattern 45435850, bin not found / already patched!
64:752  0:000  6. [Battery: change _BIF to XBIF]: disabled
64:752  0:000  7. [Battery: change _BST to XBST]: disabled
64:752  0:000  8. [Battery: change ECBE to XCBE]: pattern 45434245, bin not found / already patched!
64:752  0:000  9. [Instant Wake: change GPRW to XPRW]: pattern 47505257, bin not found / already patched!
64:752  0:000  10. [I2C: change USTP, 8 to XSTP, 8]: pattern 55535450, bin not found / already patched!
64:752  0:000  11. [I2C: change SBFI to SBFS]: pattern 8B534246, bin not found / already patched!
64:752  0:000  12. [I2C: change return value to SBFS]: pattern 84534246, bin not found / already patched!
64:752  0:000  13. [Fn: change _Q14 to XQ14]: pattern 5F513134, bin not found / already patched!
64:752  0:000  14. [Fn: change _Q15 to XQ15]: pattern 5F513135, bin not found / already patched!
64:752  0:000  15. [RTC: change _STA to XSTA]: pattern 5F535441, patched at: [ (3EA) (62) (52) (76) ]
64:752  0:000    0 replacements
64:752  0:000  === [ ACPIPatchedAML ] ====================================
64:752  0:000  AutoMerge pass 2
64:752  0:000  Sorted
64:752  0:000  Inserting table[0]:SSDT-PNLF_CoffeeLake.aml from EFI\CLOVER\ACPI\patched: size=313 ... Success
64:752  0:000  Inserting table[1]:SSDT-THUNDERBOLT.aml from EFI\CLOVER\ACPI\patched: size=1757 ... Success
64:752  0:000  Inserting table[2]:SSDT-BATT.aml from EFI\CLOVER\ACPI\patched: size=1846 ... Success
64:752  0:000  Inserting table[3]:SSDT-GPRW.aml from EFI\CLOVER\ACPI\patched: size=74 ... Success
64:752  0:000  Inserting table[4]:SSDT-ALS0.aml from EFI\CLOVER\ACPI\patched: size=101 ... Success
64:752  0:000  Inserting table[5]:SSDT-XOSI.aml from EFI\CLOVER\ACPI\patched: size=178 ... Success
64:752  0:000  Inserting table[6]:SSDT-FN.aml from EFI\CLOVER\ACPI\patched: size=173 ... Success
64:752  0:000  Inserting table[7]:SSDT-USTP.aml from EFI\CLOVER\ACPI\patched: size=42 ... Success
64:752  0:000  ApicCPUNum=1
64:752  0:000  Maximum control=0x16
64:752  0:000  P-States: min 0x8, max 0x16
64:753  0:000  SSDT with CPU P-States and plugin-type generated successfully
64:753  0:000  SSDT with CPU C-States generated successfully
64:753  0:000  Cleanup XSDT: count=33, length=300
64:753  0:000  corrected XSDT count=33, length=300
64:753  0:000  === [ RestSetup macOS ] ===================================
64:753  0:000  --- Custom EDID Table size:256
64:753  0:000  000  |  00  FF  FF  FF  FF  FF  FF  00  05  E3
64:753  0:000  010  |  7C  9C  21  7E  00  00  26  1A  01  03
64:753  0:000  020  |  80  33  1D  60  22  6F  B1  A7  55  4C
64:753  0:000  030  |  9E  25  0C  50  54  BF  EF  00  D1  C0
64:753  0:000  040  |  B3  00  95  00  81  80  81  40  81  C0
64:753  0:000  050  |  81  C0  01  01  02  3A  80  18  71  38
64:753  0:000  060  |  2D  40  58  2C  45  00  FD  1E  11  00
64:753  0:000  070  |  00  1E  00  00  00  FD  00  32  4C  1E
64:753  0:000  080  |  53  11  00  0A  20  20  20  20  20  20
64:753  0:000  090  |  00  00  00  FC  00  32  33  37  39  0A
64:753  0:000  100  |  20  20  20  20  20  20  20  20  00  00
64:753  0:000  110  |  00  FF  00  41  44  52  47  39  39  41
64:753  0:000  120  |  30  33  32  32  38  39  01  81  02  03
64:753  0:000  130  |  19  F1  44  90  04  05  03  23  09  07
64:753  0:000  140  |  07  83  01  00  00  67  03  0C  00  10
64:753  0:000  150  |  00  88  2D  02  3A  80  18  71  38  2D
64:753  0:000  160  |  40  58  2C  45  00  E0  0E  11  00  00
64:753  0:000  170  |  1E  01  1D  00  72  51  D0  1E  20  6E
64:753  0:000  180  |  28  55  00  A0  5A  00  00  00  1E  01
64:753  0:000  190  |  1D  80  18  71  1C  16  20  58  2C  25
64:753  0:000  200  |  00  A0  5A  00  00  00  9E  8C  0A  D0
64:753  0:000  210  |  8A  20  E0  2D  10  10  3E  96  00  A0
64:753  0:000  220  |  5A  00  00  00  18  00  00  00  00  00
64:753  0:000  230  |  00  00  00  00  00  00  00  00  00  00
64:753  0:000  240  |  00  00  00  00  00  00  00  00  00  00
64:753  0:000  250  |  00  00  00  00  00  79
64:753  0:000      VendorID = 0xE305 changed to 0x1507
64:753  0:000      ProductID = 0x9C7C changed to 0x9081
64:753  0:000  --- Patched EDID Table size:256
64:753  0:000  000  |  00  FF  FF  FF  FF  FF  FF  00  07  15
64:753  0:000  010  |  81  90  21  7E  00  00  26  1A  01  03
64:753  0:000  020  |  80  33  1D  60  22  6F  B1  A7  55  4C
64:753  0:000  030  |  9E  25  0C  50  54  BF  EF  00  D1  C0
64:753  0:000  040  |  B3  00  95  00  81  80  81  40  81  C0
64:753  0:000  050  |  81  C0  01  01  02  3A  80  18  71  38
64:753  0:000  060  |  2D  40  58  2C  45  00  FD  1E  11  00
64:753  0:000  070  |  00  1E  00  00  00  FD  00  32  4C  1E
64:753  0:000  080  |  53  11  00  0A  20  20  20  20  20  20
64:753  0:000  090  |  00  00  00  FC  00  32  33  37  39  0A
64:753  0:000  100  |  20  20  20  20  20  20  20  20  00  00
64:753  0:000  110  |  00  FF  00  41  44  52  47  39  39  41
64:753  0:000  120  |  30  33  32  32  38  39  01  54  02  03
64:753  0:000  130  |  19  F1  44  90  04  05  03  23  09  07
64:753  0:000  140  |  07  83  01  00  00  67  03  0C  00  10
64:753  0:000  150  |  00  88  2D  02  3A  80  18  71  38  2D
64:753  0:000  160  |  40  58  2C  45  00  E0  0E  11  00  00
64:753  0:000  170  |  1E  01  1D  00  72  51  D0  1E  20  6E
64:753  0:000  180  |  28  55  00  A0  5A  00  00  00  1E  01
64:753  0:000  190  |  1D  80  18  71  1C  16  20  58  2C  25
64:753  0:000  200  |  00  A0  5A  00  00  00  9E  8C  0A  D0
64:753  0:000  210  |  8A  20  E0  2D  10  10  3E  96  00  A0
64:753  0:000  220  |  5A  00  00  00  18  00  00  00  00  00
64:753  0:000  230  |  00  00  00  00  00  00  00  00  00  00
64:753  0:000  240  |  00  00  00  00  00  00  00  00  00  00
64:753  0:000  250  |  00  00  00  00  00  79
64:753  0:000  add device: PciRoot(0x0)/Pci(0x2,0x0)
64:753  0:000     Add key=device_type valuelen=26
64:753  0:000     Add key=enable-lspcon-support valuelen=4
64:753  0:000     Add key=model valuelen=32
64:753  0:000     Add key=device-id valuelen=4
64:753  0:000     Add key=hda-gfx valuelen=10
64:753  0:000     Add key=AAPL,ig-platform-id valuelen=4
64:753  0:000     Add key=enable-hdmi-dividers-fix valuelen=4
64:753  0:000     Add key=AAPL,GfxYTile valuelen=4
64:753  0:000     Add key=enable-hdmi20 valuelen=4
64:753  0:000     Add key=AAPL,slot-name valuelen=15
64:753  0:000  add device: PciRoot(0x0)/Pci(0x14,0x3)
64:753  0:000     Add key=model valuelen=34
64:753  0:000     Add key=device_type valuelen=19
64:753  0:000     Add key=AAPL,slot-name valuelen=16
64:753  0:000  add device: PciRoot(0x0)/Pci(0x1F,0x3)
64:753  0:000     Add key=layout-id valuelen=4
64:753  0:000     Add key=device-id valuelen=4
64:753  0:000  NVidia GFX injection not set
64:753  0:000  Intel UHD Graphics 630 [8086:3E9B] :: PciRoot(0x0)\Pci(0x2,0x0)
64:753  0:000    ig-platform-id = 0x3E9B0000
64:754  0:000  Intel GFX revision  = 0x0
64:754  0:000   RCBA disabled; cannot use it
64:754  0:000   setting specified layout-id=29 (0x1D)
64:754  0:000  stringlength = 3812
64:754  0:000  CurrentMode: Width=1920 Height=1080
64:754  0:000  Beginning FSInjection
FSInjectionInstall ...
- Our FSI_SIMPLE_FILE_SYSTEM_PROTOCOL installed on handle: 742C3F18
FSInjectionInstall ...
- Our FSI_SIMPLE_FILE_SYSTEM_PROTOCOL installed on handle: 742C3F18
64:755  0:000  Use origin smbios table type 1 guid.
64:759  0:004    Force kext: System\Library\Extensions\IONetworkingFamily.kext
64:760  0:001  Failed to load extra kext (Info.plist not found): System\Library\Extensions\IONetworkingFamily.kext
64:761  0:000    Force kext: System\Library\Extensions\IO80211Family.kext
64:762  0:001  Failed to load extra kext (Info.plist not found): System\Library\Extensions\IO80211Family.kext
64:763  0:000  Preparing kexts injection for arch=x86_64 from EFI\CLOVER\kexts\Other
64:763  0:000  Disabled kext: EFI\CLOVER\kexts\Other\IntelBluetoothFirmware.kext (v.2.0.0)
64:763  0:000  ->Extra kext: EFI\CLOVER\kexts\Other\XHCI-300-series-injector.kext (v.0.5.0)
64:770  0:006  ->Extra kext: EFI\CLOVER\kexts\Other\WhateverGreen.kext (v.1.4.8)
64:789  0:019  ->Extra kext: EFI\CLOVER\kexts\Other\VoodooPS2Controller.kext (v.2.1.8)
64:815  0:025      |-- PlugIn kext: EFI\CLOVER\kexts\Other\VoodooPS2Controller.kext\Contents\PlugIns\VoodooPS2Trackpad.kext (v.2.1.8)
64:839  0:023      |-- PlugIn kext: EFI\CLOVER\kexts\Other\VoodooPS2Controller.kext\Contents\PlugIns\VoodooPS2Mouse.kext (v.2.1.8)
64:853  0:013      |-- PlugIn kext: EFI\CLOVER\kexts\Other\VoodooPS2Controller.kext\Contents\PlugIns\VoodooPS2Keyboard.kext (v.2.1.8)
64:873  0:020      |-- PlugIn kext: EFI\CLOVER\kexts\Other\VoodooPS2Controller.kext\Contents\PlugIns\VoodooInput.kext (v.1.0.8)
64:885  0:011  ->Extra kext: EFI\CLOVER\kexts\Other\VoodooI2CSynaptics.kext (v.1)
64:897  0:012  Skipping kext injection by OSBundleRequired : EFI\CLOVER\kexts\Other\VoodooI2CSynaptics.kext
64:897  0:000  ->Extra kext: EFI\CLOVER\kexts\Other\VoodooI2CHID.kext (v.1)
64:926  0:028  ->Extra kext: EFI\CLOVER\kexts\Other\VoodooI2CFTE.kext (v.1)
64:940  0:013  Skipping kext injection by OSBundleRequired : EFI\CLOVER\kexts\Other\VoodooI2CFTE.kext
64:940  0:000  ->Extra kext: EFI\CLOVER\kexts\Other\VoodooI2CELAN.kext (v.1)
64:954  0:013  Skipping kext injection by OSBundleRequired : EFI\CLOVER\kexts\Other\VoodooI2CELAN.kext
64:954  0:000  ->Extra kext: EFI\CLOVER\kexts\Other\VoodooI2CAtmelMXT.kext (v.1)
64:966  0:012  Skipping kext injection by OSBundleRequired : EFI\CLOVER\kexts\Other\VoodooI2CAtmelMXT.kext
64:966  0:000  ->Extra kext: EFI\CLOVER\kexts\Other\VoodooI2C.kext (v.2.6.4)
64:997  0:030      |-- PlugIn kext: EFI\CLOVER\kexts\Other\VoodooI2C.kext\Contents\PlugIns\VoodooInput.kext (v.1.1.0)
65:009  0:012      |-- PlugIn kext: EFI\CLOVER\kexts\Other\VoodooI2C.kext\Contents\PlugIns\VoodooI2CServices.kext (v.1)
65:022  0:013      |-- PlugIn kext: EFI\CLOVER\kexts\Other\VoodooI2C.kext\Contents\PlugIns\VoodooGPIO.kext (v.1.1)
65:040  0:018  Disabled kext: EFI\CLOVER\kexts\Other\RealtekRTL8111.kext (v.2.3.0)
65:040  0:000  Disabled kext: EFI\CLOVER\kexts\Other\AirportItlwm.kext (v.2.1.0)
65:040  0:000  ->Extra kext: EFI\CLOVER\kexts\Other\NoTouchID.kext (v.1.0.4)
65:054  0:014  ->Extra kext: EFI\CLOVER\kexts\Other\LiluFriend.kext (v.1.1.0)
65:069  0:014  ->Extra kext: EFI\CLOVER\kexts\Other\Lilu.kext (v.1.5.1)
65:085  0:016  ->Extra kext: EFI\CLOVER\kexts\Other\FakeSMC_SMMSensors.kext (v.1800)
65:102  0:016  Skipping kext injection by OSBundleRequired : EFI\CLOVER\kexts\Other\FakeSMC_SMMSensors.kext
65:102  0:000  ->Extra kext: EFI\CLOVER\kexts\Other\FakeSMC_LPCSensors.kext (v.1800)
65:409  0:306  Skipping kext injection by OSBundleRequired : EFI\CLOVER\kexts\Other\FakeSMC_LPCSensors.kext
65:409  0:000  Disabled kext: EFI\CLOVER\kexts\Other\FakeSMC_GPUSensors.kext (v.1800)
65:409  0:000  ->Extra kext: EFI\CLOVER\kexts\Other\FakeSMC_CPUSensors.kext (v.1800)
65:424  0:014  Skipping kext injection by OSBundleRequired : EFI\CLOVER\kexts\Other\FakeSMC_CPUSensors.kext
65:424  0:000  ->Extra kext: EFI\CLOVER\kexts\Other\FakeSMC_ACPISensors.kext (v.1800)
65:451  0:026  Skipping kext injection by OSBundleRequired : EFI\CLOVER\kexts\Other\FakeSMC_ACPISensors.kext
65:451  0:000  ->Extra kext: EFI\CLOVER\kexts\Other\FakeSMC.kext (v.1800)
65:476  0:025  Disabled kext: EFI\CLOVER\kexts\Other\FakePCIID_Intel_HDMI_Audio.kext (v.1.3.15)
65:476  0:000  Disabled kext: EFI\CLOVER\kexts\Other\FakePCIID.kext (v.1.3.15)
65:476  0:000  ->Extra kext: EFI\CLOVER\kexts\Other\CPUFriendDataProvider.kext (v.1.0.0)
65:572  0:095  ->Extra kext: EFI\CLOVER\kexts\Other\CPUFriend.kext (v.1.2.3)
65:593  0:021  ->Extra kext: EFI\CLOVER\kexts\Other\USBPorts.kext (v.1.0)
65:610  0:016  Disabled kext: EFI\CLOVER\kexts\Other\AppleALC.kext (v.1.5.7)
65:610  0:000  ->Extra kext: EFI\CLOVER\kexts\Other\ACPIBatteryManager.kext (v.1.90.1)
65:636  0:026  Preparing kexts injection for arch=x86_64 from EFI\CLOVER\kexts\10
65:636  0:000  Preparing kexts injection for arch=x86_64 from EFI\CLOVER\kexts\10_install
65:637  0:000  Preparing kexts injection for arch=x86_64 from EFI\CLOVER\kexts\10.13
65:637  0:000  Preparing kexts injection for arch=x86_64 from EFI\CLOVER\kexts\10.13_install
65:637  0:000  Preparing kexts injection for arch=x86_64 from EFI\CLOVER\kexts\10.13.6
65:637  0:000  Preparing kexts injection for arch=x86_64 from EFI\CLOVER\kexts\10.13.6_install
65:638  0:001  SetStartupDiskVolume:
65:638  0:000    * Volume: 'Highsierra'
65:638  0:000    * LoaderPath: '\macOS Install Data\Locked Files\Boot Files\boot.efi'
65:638  0:000    * DevPath: Highsierra
65:638  0:000    * GUID = 44E1BA53-F80C-42DE-B498-64EE8B39B4E6
65:638  0:000    * efi-boot-device: <array><dict><key>IOMatch</key><dict><key>IOProviderClass</key><string>IOMedia</string><key>IOPropertyMatch</key><dict><key>UUID</key><string>44E1BA53-F80C-42DE-B498-64EE8B39B4E6</string></dict></dict></dict></array>
65:638  0:000  Custom boot screen not used because entry has unset use graphics
65:638  0:000  Closing log
